[0 : output] Output to be read-from/written-into folder 'chains', with prefix 'my_pr4_minimize'
Using template priors = [[0.0, 50.0], [4.07e-06, 1.221e-06], [0.0, 2.0], [0.0, 50.0], [2.25e-06, 6.75e-07], [0.0, 2.0], [0.0, 50.0], [2.05e-06, 6.149999999999999e-07], [0.0, 2.0], [0.0, 50.0], [2.25e-06, 6.75e-07], [0.0, 2.0]]
[0 : minimize] Initializing
Using template priors = [[0.0, 50.0], [4.07e-06, 1.221e-06], [0.0, 2.0], [0.0, 50.0], [2.25e-06, 6.75e-07], [0.0, 2.0], [0.0, 50.0], [2.05e-06, 6.149999999999999e-07], [0.0, 2.0], [0.0, 50.0], [2.25e-06, 6.75e-07], [0.0, 2.0]]
[7 : minimize] Run 1/1 will start from random initial point:
[7 : minimize] {'b1_LRGz1': 1.28496466755727, 'b1_LRGz2': 1.2552942529062256, 'b1_LRGz3': 1.2729378426658933, 'b1_LRGz4': 1.3086504820318265, 'b2_LRGz1': -1.9122255116467044, 'b2_LRGz2': 0.8238638301238965, 'b2_LRGz3': -0.01686480889285716, 'b2_LRGz4': 0.3423468107721612, 'bs_LRGz1': 1.1019002110756135, 'bs_LRGz2': 0.21277747784193746, 'bs_LRGz3': -1.473298513916892, 'bs_LRGz4': 0.06418589033382412, 'ln1e10As': 3.05826246701317, 'omega_cdm': 0.11987441941561532, 'smag_LRGz1': 0.9285076537406781, 'smag_LRGz2': 1.1151151376468884, 'smag_LRGz3': 0.9749334350089258, 'smag_LRGz4': 0.9393521151249205}
Using template priors = [[0.0, 50.0], [4.07e-06, 1.221e-06], [0.0, 2.0], [0.0, 50.0], [2.25e-06, 6.75e-07], [0.0, 2.0], [0.0, 50.0], [2.05e-06, 6.149999999999999e-07], [0.0, 2.0], [0.0, 50.0], [2.25e-06, 6.75e-07], [0.0, 2.0]]
[41 : minimize] Run 1/1 will start from random initial point:
[41 : minimize] {'b1_LRGz1': 1.2176601882512006, 'b1_LRGz2': 1.251707637128917, 'b1_LRGz3': 1.2718245472151088, 'b1_LRGz4': 1.2980399111279008, 'b2_LRGz1': -0.12136940726198406, 'b2_LRGz2': 0.72555662129131, 'b2_LRGz3': 0.7781067736872489, 'b2_LRGz4': -0.5422336409042428, 'bs_LRGz1': -1.8732317759005013, 'bs_LRGz2': -0.18436474382696105, 'bs_LRGz3': -1.9058830303131407, 'bs_LRGz4': 0.07153575281917184, 'ln1e10As': 3.052307705442592, 'omega_cdm': 0.1259959493579217, 'smag_LRGz1': 0.9495554760139301, 'smag_LRGz2': 1.0205001424628881, 'smag_LRGz3': 0.9357007892808559, 'smag_LRGz4': 1.0553379863076655}
Using template priors = [[0.0, 50.0], [4.07e-06, 1.221e-06], [0.0, 2.0], [0.0, 50.0], [2.25e-06, 6.75e-07], [0.0, 2.0], [0.0, 50.0], [2.05e-06, 6.149999999999999e-07], [0.0, 2.0], [0.0, 50.0], [2.25e-06, 6.75e-07], [0.0, 2.0]]
[27 : minimize] Run 1/1 will start from random initial point:
[27 : minimize] {'b1_LRGz1': 1.277914525835686, 'b1_LRGz2': 1.2739971393795189, 'b1_LRGz3': 1.2319001451469422, 'b1_LRGz4': 1.2128210520617824, 'b2_LRGz1': -1.0128263520712246, 'b2_LRGz2': -0.7083368473559583, 'b2_LRGz3': -0.31938101858544826, 'b2_LRGz4': 0.4658160377223737, 'bs_LRGz1': -1.7037556449941114, 'bs_LRGz2': 0.23012289135885375, 'bs_LRGz3': 0.8181792628998193, 'bs_LRGz4': -1.0793862350225691, 'ln1e10As': 3.0457459409777274, 'omega_cdm': 0.1253227397525868, 'smag_LRGz1': 1.009767953643839, 'smag_LRGz2': 1.0452830777995743, 'smag_LRGz3': 0.9813574510083128, 'smag_LRGz4': 0.9648735527627577}
Using template priors = [[0.0, 50.0], [4.07e-06, 1.221e-06], [0.0, 2.0], [0.0, 50.0], [2.25e-06, 6.75e-07], [0.0, 2.0], [0.0, 50.0], [2.05e-06, 6.149999999999999e-07], [0.0, 2.0], [0.0, 50.0], [2.25e-06, 6.75e-07], [0.0, 2.0]]
[44 : minimize] Run 1/1 will start from random initial point:
[44 : minimize] {'b1_LRGz1': 1.184893358200882, 'b1_LRGz2': 1.264809796076797, 'b1_LRGz3': 1.2110427775659078, 'b1_LRGz4': 1.224035823652247, 'b2_LRGz1': -1.6536665793127443, 'b2_LRGz2': 0.20356496242304262, 'b2_LRGz3': 1.07817645728878, 'b2_LRGz4': 1.2769575161032811, 'bs_LRGz1': 1.003421242604621, 'bs_LRGz2': -0.6166004723299966, 'bs_LRGz3': 0.4549977721997429, 'bs_LRGz4': -0.6323444517336361, 'ln1e10As': 3.1105240743861065, 'omega_cdm': 0.13020045149209516, 'smag_LRGz1': 0.9537353768946795, 'smag_LRGz2': 1.025607353578139, 'smag_LRGz3': 0.903005973779825, 'smag_LRGz4': 0.9768193622380965}
Using template priors = [[0.0, 50.0], [4.07e-06, 1.221e-06], [0.0, 2.0], [0.0, 50.0], [2.25e-06, 6.75e-07], [0.0, 2.0], [0.0, 50.0], [2.05e-06, 6.149999999999999e-07], [0.0, 2.0], [0.0, 50.0], [2.25e-06, 6.75e-07], [0.0, 2.0]]
[22 : minimize] Run 1/1 will start from random initial point:
[22 : minimize] {'b1_LRGz1': 1.2047853197583356, 'b1_LRGz2': 1.2972708704086986, 'b1_LRGz3': 1.215066946269829, 'b1_LRGz4': 1.2025140886674823, 'b2_LRGz1': 0.3273952933507448, 'b2_LRGz2': -0.1714733825188406, 'b2_LRGz3': 1.337745806106169, 'b2_LRGz4': -0.33652195960519937, 'bs_LRGz1': -0.4829263104801618, 'bs_LRGz2': 0.3339458755668996, 'bs_LRGz3': -0.84742936681697, 'bs_LRGz4': -0.3106383351064713, 'ln1e10As': 3.075565948132488, 'omega_cdm': 0.10213824655339707, 'smag_LRGz1': 1.043669866766809, 'smag_LRGz2': 1.0729184545064403, 'smag_LRGz3': 0.9235613685701544, 'smag_LRGz4': 0.9965365368033303}
Using template priors = [[0.0, 50.0], [4.07e-06, 1.221e-06], [0.0, 2.0], [0.0, 50.0], [2.25e-06, 6.75e-07], [0.0, 2.0], [0.0, 50.0], [2.05e-06, 6.149999999999999e-07], [0.0, 2.0], [0.0, 50.0], [2.25e-06, 6.75e-07], [0.0, 2.0]]
[47 : minimize] Run 1/1 will start from random initial point:
[47 : minimize] {'b1_LRGz1': 1.2248550137480365, 'b1_LRGz2': 1.2671073128012602, 'b1_LRGz3': 1.235984595290046, 'b1_LRGz4': 1.33674337943628, 'b2_LRGz1': 1.720178981744647, 'b2_LRGz2': 0.8350620909508366, 'b2_LRGz3': -2.0737117167821992, 'b2_LRGz4': -0.7505371312414827, 'bs_LRGz1': 1.2363614209412803, 'bs_LRGz2': 1.0146572975788353, 'bs_LRGz3': -0.02568718790745026, 'bs_LRGz4': -0.9677047837801411, 'ln1e10As': 3.0953221927522288, 'omega_cdm': 0.11450077555524858, 'smag_LRGz1': 0.966925073850178, 'smag_LRGz2': 1.0381564414724567, 'smag_LRGz3': 0.9623832897369984, 'smag_LRGz4': 0.9911527520903418}
Using template priors = [[0.0, 50.0], [4.07e-06, 1.221e-06], [0.0, 2.0], [0.0, 50.0], [2.25e-06, 6.75e-07], [0.0, 2.0], [0.0, 50.0], [2.05e-06, 6.149999999999999e-07], [0.0, 2.0], [0.0, 50.0], [2.25e-06, 6.75e-07], [0.0, 2.0]]
[38 : minimize] Run 1/1 will start from random initial point:
[38 : minimize] {'b1_LRGz1': 1.3116063209009454, 'b1_LRGz2': 1.3475864565938955, 'b1_LRGz3': 1.2806775327221462, 'b1_LRGz4': 1.2667969346041867, 'b2_LRGz1': -0.009375429241031455, 'b2_LRGz2': -1.3896259998665246, 'b2_LRGz3': -0.9782756691269728, 'b2_LRGz4': 0.4869803178867045, 'bs_LRGz1': 0.5903439539724973, 'bs_LRGz2': 0.7966280697665897, 'bs_LRGz3': -1.30032266456995, 'bs_LRGz4': 0.05981701358709704, 'ln1e10As': 3.0165833455862194, 'omega_cdm': 0.10628170628964784, 'smag_LRGz1': 0.9469011387435864, 'smag_LRGz2': 1.1543007298284946, 'smag_LRGz3': 0.9821082699284602, 'smag_LRGz4': 0.9901986585909396}
Using template priors = [[0.0, 50.0], [4.07e-06, 1.221e-06], [0.0, 2.0], [0.0, 50.0], [2.25e-06, 6.75e-07], [0.0, 2.0], [0.0, 50.0], [2.05e-06, 6.149999999999999e-07], [0.0, 2.0], [0.0, 50.0], [2.25e-06, 6.75e-07], [0.0, 2.0]]
[56 : minimize] Run 1/1 will start from random initial point:
[56 : minimize] {'b1_LRGz1': 1.2921765645038448, 'b1_LRGz2': 1.2196012463885002, 'b1_LRGz3': 1.2426149843284615, 'b1_LRGz4': 1.2374622650468885, 'b2_LRGz1': -0.31334989418760334, 'b2_LRGz2': 0.39974065993130037, 'b2_LRGz3': 0.2253187917605045, 'b2_LRGz4': 1.7633321733380896, 'bs_LRGz1': 1.1899319184528758, 'bs_LRGz2': 0.07873980729653629, 'bs_LRGz3': -1.279977290821259, 'bs_LRGz4': -1.3732763039616793, 'ln1e10As': 3.0848346567292517, 'omega_cdm': 0.12701847518599466, 'smag_LRGz1': 0.9889294373983025, 'smag_LRGz2': 1.1495490377343014, 'smag_LRGz3': 1.0757882983724185, 'smag_LRGz4': 1.0536141979564448}
Using template priors = [[0.0, 50.0], [4.07e-06, 1.221e-06], [0.0, 2.0], [0.0, 50.0], [2.25e-06, 6.75e-07], [0.0, 2.0], [0.0, 50.0], [2.05e-06, 6.149999999999999e-07], [0.0, 2.0], [0.0, 50.0], [2.25e-06, 6.75e-07], [0.0, 2.0]]
[24 : minimize] Run 1/1 will start from random initial point:
[24 : minimize] {'b1_LRGz1': 1.203490339850464, 'b1_LRGz2': 1.2088522980039258, 'b1_LRGz3': 1.2664029580487735, 'b1_LRGz4': 1.2749701764471435, 'b2_LRGz1': 0.813869786860635, 'b2_LRGz2': 0.581006027826365, 'b2_LRGz3': 0.7977184636104855, 'b2_LRGz4': 0.4656854801670382, 'bs_LRGz1': 0.0007821012510216177, 'bs_LRGz2': -0.5906621176531259, 'bs_LRGz3': 0.6606395303004653, 'bs_LRGz4': -0.6280914326166351, 'ln1e10As': 3.0793206097107984, 'omega_cdm': 0.11227294611654683, 'smag_LRGz1': 0.9911056546059066, 'smag_LRGz2': 1.0674521748651864, 'smag_LRGz3': 0.9442703687750156, 'smag_LRGz4': 0.9737094814549531}
Using template priors = [[0.0, 50.0], [4.07e-06, 1.221e-06], [0.0, 2.0], [0.0, 50.0], [2.25e-06, 6.75e-07], [0.0, 2.0], [0.0, 50.0], [2.05e-06, 6.149999999999999e-07], [0.0, 2.0], [0.0, 50.0], [2.25e-06, 6.75e-07], [0.0, 2.0]]
[51 : minimize] Run 1/1 will start from random initial point:
[51 : minimize] {'b1_LRGz1': 1.3604530189796145, 'b1_LRGz2': 1.3207388618595315, 'b1_LRGz3': 1.307976891217861, 'b1_LRGz4': 1.320288231848205, 'b2_LRGz1': -0.006564794245361005, 'b2_LRGz2': 2.044704188042073, 'b2_LRGz3': 1.369830709250386, 'b2_LRGz4': -2.620751942852015, 'bs_LRGz1': -2.3325974796081415, 'bs_LRGz2': -0.25425974837067883, 'bs_LRGz3': 0.11099322188784247, 'bs_LRGz4': -0.24486643358611188, 'ln1e10As': 3.0111232536655965, 'omega_cdm': 0.11444662318894909, 'smag_LRGz1': 1.0130762982813124, 'smag_LRGz2': 1.012944577150893, 'smag_LRGz3': 1.1251532686664192, 'smag_LRGz4': 0.9728847722671834}
Using template priors = [[0.0, 50.0], [4.07e-06, 1.221e-06], [0.0, 2.0], [0.0, 50.0], [2.25e-06, 6.75e-07], [0.0, 2.0], [0.0, 50.0], [2.05e-06, 6.149999999999999e-07], [0.0, 2.0], [0.0, 50.0], [2.25e-06, 6.75e-07], [0.0, 2.0]]
[37 : minimize] Run 1/1 will start from random initial point:
[37 : minimize] {'b1_LRGz1': 1.2600143347727604, 'b1_LRGz2': 1.2306433167262012, 'b1_LRGz3': 1.290626160863831, 'b1_LRGz4': 1.3001852517635124, 'b2_LRGz1': 1.733421968227207, 'b2_LRGz2': -0.5575993420862376, 'b2_LRGz3': -1.1917969301810363, 'b2_LRGz4': 1.420150222081118, 'bs_LRGz1': 0.8499601483990773, 'bs_LRGz2': 0.5164114390271525, 'bs_LRGz3': 1.559365074198703, 'bs_LRGz4': -0.8767205831759508, 'ln1e10As': 3.09467055307536, 'omega_cdm': 0.10922864763052556, 'smag_LRGz1': 0.8569687943581554, 'smag_LRGz2': 1.12885710096154, 'smag_LRGz3': 0.9668372871884248, 'smag_LRGz4': 1.0226935936016073}
Using template priors = [[0.0, 50.0], [4.07e-06, 1.221e-06], [0.0, 2.0], [0.0, 50.0], [2.25e-06, 6.75e-07], [0.0, 2.0], [0.0, 50.0], [2.05e-06, 6.149999999999999e-07], [0.0, 2.0], [0.0, 50.0], [2.25e-06, 6.75e-07], [0.0, 2.0]]
[40 : minimize] Run 1/1 will start from random initial point:
[40 : minimize] {'b1_LRGz1': 1.300036667587811, 'b1_LRGz2': 1.3086431345685676, 'b1_LRGz3': 1.2140699257879253, 'b1_LRGz4': 1.2748702601055666, 'b2_LRGz1': 1.3142786371707573, 'b2_LRGz2': 0.9693203431019625, 'b2_LRGz3': -0.9019279894320749, 'b2_LRGz4': -1.2293253760361447, 'bs_LRGz1': -0.10165975412817468, 'bs_LRGz2': -0.44349968399752887, 'bs_LRGz3': 0.20135018427404908, 'bs_LRGz4': -0.6858775338091941, 'ln1e10As': 3.1157987743960263, 'omega_cdm': 0.10781643983615669, 'smag_LRGz1': 1.014722773356274, 'smag_LRGz2': 1.0996113914400156, 'smag_LRGz3': 0.9112196311419829, 'smag_LRGz4': 0.9449903149065306}
Using template priors = [[0.0, 50.0], [4.07e-06, 1.221e-06], [0.0, 2.0], [0.0, 50.0], [2.25e-06, 6.75e-07], [0.0, 2.0], [0.0, 50.0], [2.05e-06, 6.149999999999999e-07], [0.0, 2.0], [0.0, 50.0], [2.25e-06, 6.75e-07], [0.0, 2.0]]
[12 : minimize] Run 1/1 will start from random initial point:
Using template priors = [[0.0, 50.0], [4.07e-06, 1.221e-06], [0.0, 2.0], [0.0, 50.0], [2.25e-06, 6.75e-07], [0.0, 2.0], [0.0, 50.0], [2.05e-06, 6.149999999999999e-07], [0.0, 2.0], [0.0, 50.0], [2.25e-06, 6.75e-07], [0.0, 2.0]]
[63 : minimize] Run 1/1 will start from random initial point:
[12 : minimize] {'b1_LRGz1': 1.2251095894892048, 'b1_LRGz2': 1.3276060213711356, 'b1_LRGz3': 1.2918097220832276, 'b1_LRGz4': 1.3472627148188159, 'b2_LRGz1': 0.7120342013189658, 'b2_LRGz2': 0.15554442939629465, 'b2_LRGz3': -0.580643471671832, 'b2_LRGz4': -0.6464376032253155, 'bs_LRGz1': 0.04391442168373188, 'bs_LRGz2': -0.3684862655346658, 'bs_LRGz3': 1.0375970510350219, 'bs_LRGz4': 1.4067877675442855, 'ln1e10As': 3.0363828820663814, 'omega_cdm': 0.11401005727880605, 'smag_LRGz1': 0.9231115601445554, 'smag_LRGz2': 1.0832352927113753, 'smag_LRGz3': 0.9529106142878088, 'smag_LRGz4': 0.9883664055812064}
[63 : minimize] {'b1_LRGz1': 1.2445524242196773, 'b1_LRGz2': 1.3078780792807294, 'b1_LRGz3': 1.266873262468962, 'b1_LRGz4': 1.2629278998374953, 'b2_LRGz1': -1.711644267173118, 'b2_LRGz2': -2.0539296274598575, 'b2_LRGz3': 0.6339958537009354, 'b2_LRGz4': 0.4251865159567708, 'bs_LRGz1': 1.8924555480175274, 'bs_LRGz2': 1.2376041931112012, 'bs_LRGz3': -0.13011305534484244, 'bs_LRGz4': -0.36382054750308407, 'ln1e10As': 2.9981843796809162, 'omega_cdm': 0.14720034682034186, 'smag_LRGz1': 0.9730818199380074, 'smag_LRGz2': 0.9641056997332933, 'smag_LRGz3': 0.8670589028341541, 'smag_LRGz4': 1.0495030272794157}
Using template priors = [[0.0, 50.0], [4.07e-06, 1.221e-06], [0.0, 2.0], [0.0, 50.0], [2.25e-06, 6.75e-07], [0.0, 2.0], [0.0, 50.0], [2.05e-06, 6.149999999999999e-07], [0.0, 2.0], [0.0, 50.0], [2.25e-06, 6.75e-07], [0.0, 2.0]]
[6 : minimize] Run 1/1 will start from random initial point:
[6 : minimize] {'b1_LRGz1': 1.1890844389710873, 'b1_LRGz2': 1.3266845933523836, 'b1_LRGz3': 1.1507929220333097, 'b1_LRGz4': 1.253355459957728, 'b2_LRGz1': -1.4186455116821877, 'b2_LRGz2': 0.06249339024583999, 'b2_LRGz3': 0.3691234278639637, 'b2_LRGz4': -0.5177556365195224, 'bs_LRGz1': 2.774553117072458, 'bs_LRGz2': 0.8479091786160894, 'bs_LRGz3': -0.541718887456054, 'bs_LRGz4': -0.39928089343054174, 'ln1e10As': 3.0895504888781837, 'omega_cdm': 0.11958349198127406, 'smag_LRGz1': 1.0185483461795688, 'smag_LRGz2': 1.0257000273455177, 'smag_LRGz3': 1.0261438805256418, 'smag_LRGz4': 0.9958545239685077}
Using template priors = [[0.0, 50.0], [4.07e-06, 1.221e-06], [0.0, 2.0], [0.0, 50.0], [2.25e-06, 6.75e-07], [0.0, 2.0], [0.0, 50.0], [2.05e-06, 6.149999999999999e-07], [0.0, 2.0], [0.0, 50.0], [2.25e-06, 6.75e-07], [0.0, 2.0]]
[39 : minimize] Run 1/1 will start from random initial point:
[39 : minimize] {'b1_LRGz1': 1.3003588619604411, 'b1_LRGz2': 1.2330204798366378, 'b1_LRGz3': 1.2043442405334472, 'b1_LRGz4': 1.3052555049581673, 'b2_LRGz1': 1.1673255814456236, 'b2_LRGz2': -0.3630351116212842, 'b2_LRGz3': -0.5037209404619086, 'b2_LRGz4': -0.3433485072128377, 'bs_LRGz1': 0.5831426969521585, 'bs_LRGz2': -1.3457593575575697, 'bs_LRGz3': -1.1572747082217079, 'bs_LRGz4': 0.7061855948344755, 'ln1e10As': 3.0648031672685625, 'omega_cdm': 0.12147056389496923, 'smag_LRGz1': 0.9439367844725608, 'smag_LRGz2': 1.0049844980356648, 'smag_LRGz3': 1.0014299867811025, 'smag_LRGz4': 0.9537470971183336}
Using template priors = [[0.0, 50.0], [4.07e-06, 1.221e-06], [0.0, 2.0], [0.0, 50.0], [2.25e-06, 6.75e-07], [0.0, 2.0], [0.0, 50.0], [2.05e-06, 6.149999999999999e-07], [0.0, 2.0], [0.0, 50.0], [2.25e-06, 6.75e-07], [0.0, 2.0]]
[61 : minimize] Run 1/1 will start from random initial point:
[61 : minimize] {'b1_LRGz1': 1.2402461088840706, 'b1_LRGz2': 1.2503372072406616, 'b1_LRGz3': 1.2548602715407466, 'b1_LRGz4': 1.3311093281088966, 'b2_LRGz1': 0.08404873811031083, 'b2_LRGz2': -0.3275055022249966, 'b2_LRGz3': 0.2287417689045039, 'b2_LRGz4': 0.2555928167240874, 'bs_LRGz1': 0.154957954761093, 'bs_LRGz2': 0.7883872928138064, 'bs_LRGz3': -0.02132800409693923, 'bs_LRGz4': -0.5089513193032478, 'ln1e10As': 3.049665812976061, 'omega_cdm': 0.10936415500621743, 'smag_LRGz1': 1.0362424460599156, 'smag_LRGz2': 1.0898389498746148, 'smag_LRGz3': 0.9348195695298067, 'smag_LRGz4': 0.9001469910787662}
Using template priors = [[0.0, 50.0], [4.07e-06, 1.221e-06], [0.0, 2.0], [0.0, 50.0], [2.25e-06, 6.75e-07], [0.0, 2.0], [0.0, 50.0], [2.05e-06, 6.149999999999999e-07], [0.0, 2.0], [0.0, 50.0], [2.25e-06, 6.75e-07], [0.0, 2.0]]
[25 : minimize] Run 1/1 will start from random initial point:
[25 : minimize] {'b1_LRGz1': 1.287948423301901, 'b1_LRGz2': 1.2501663650310506, 'b1_LRGz3': 1.2090298735104588, 'b1_LRGz4': 1.2268324587221109, 'b2_LRGz1': 2.2795761329445767, 'b2_LRGz2': 0.5399203115451754, 'b2_LRGz3': -1.3836320809816762, 'b2_LRGz4': 0.7812840837290514, 'bs_LRGz1': 0.7455922097959814, 'bs_LRGz2': -0.6343590670969959, 'bs_LRGz3': -2.0006656995184477, 'bs_LRGz4': 0.3015021178795008, 'ln1e10As': 3.0776408016352463, 'omega_cdm': 0.12909778681358758, 'smag_LRGz1': 1.0014238746717776, 'smag_LRGz2': 0.9886058241314174, 'smag_LRGz3': 0.8902265786879225, 'smag_LRGz4': 1.0633013530441664}
Using template priors = [[0.0, 50.0], [4.07e-06, 1.221e-06], [0.0, 2.0], [0.0, 50.0], [2.25e-06, 6.75e-07], [0.0, 2.0], [0.0, 50.0], [2.05e-06, 6.149999999999999e-07], [0.0, 2.0], [0.0, 50.0], [2.25e-06, 6.75e-07], [0.0, 2.0]]
[17 : minimize] Run 1/1 will start from random initial point:
[17 : minimize] {'b1_LRGz1': 1.2711994138613132, 'b1_LRGz2': 1.2833395237286958, 'b1_LRGz3': 1.2919089304244635, 'b1_LRGz4': 1.2015589425187083, 'b2_LRGz1': -0.2509691481753845, 'b2_LRGz2': 0.6397921182978469, 'b2_LRGz3': -0.048759298817467066, 'b2_LRGz4': -1.655246805637819, 'bs_LRGz1': -0.5769099623229096, 'bs_LRGz2': 0.7041153275879669, 'bs_LRGz3': 0.9598566137844036, 'bs_LRGz4': 0.42488256094965426, 'ln1e10As': 3.046841111198051, 'omega_cdm': 0.12588659806781954, 'smag_LRGz1': 0.9734867071158549, 'smag_LRGz2': 0.9954863044581924, 'smag_LRGz3': 0.9384015200238278, 'smag_LRGz4': 0.9591078397882088}
Using template priors = [[0.0, 50.0], [4.07e-06, 1.221e-06], [0.0, 2.0], [0.0, 50.0], [2.25e-06, 6.75e-07], [0.0, 2.0], [0.0, 50.0], [2.05e-06, 6.149999999999999e-07], [0.0, 2.0], [0.0, 50.0], [2.25e-06, 6.75e-07], [0.0, 2.0]]
[23 : minimize] Run 1/1 will start from random initial point:
[23 : minimize] {'b1_LRGz1': 1.2906751362005342, 'b1_LRGz2': 1.285851347214878, 'b1_LRGz3': 1.1962737130961147, 'b1_LRGz4': 1.2541457843427188, 'b2_LRGz1': 1.0401583118668816, 'b2_LRGz2': 0.742536826159592, 'b2_LRGz3': 0.44085128196148293, 'b2_LRGz4': -0.38956995730721944, 'bs_LRGz1': -0.1001245779887443, 'bs_LRGz2': -1.082751994165981, 'bs_LRGz3': 1.6509329144588207, 'bs_LRGz4': 1.9619416796399232, 'ln1e10As': 3.0571384459306397, 'omega_cdm': 0.12155989721169538, 'smag_LRGz1': 0.9435598838573466, 'smag_LRGz2': 1.1123199231926888, 'smag_LRGz3': 0.9729318592858615, 'smag_LRGz4': 1.0379529015756639}
Using template priors = [[0.0, 50.0], [4.07e-06, 1.221e-06], [0.0, 2.0], [0.0, 50.0], [2.25e-06, 6.75e-07], [0.0, 2.0], [0.0, 50.0], [2.05e-06, 6.149999999999999e-07], [0.0, 2.0], [0.0, 50.0], [2.25e-06, 6.75e-07], [0.0, 2.0]]
[16 : minimize] Run 1/1 will start from random initial point:
Using template priors = [[0.0, 50.0], [4.07e-06, 1.221e-06], [0.0, 2.0], [0.0, 50.0], [2.25e-06, 6.75e-07], [0.0, 2.0], [0.0, 50.0], [2.05e-06, 6.149999999999999e-07], [0.0, 2.0], [0.0, 50.0], [2.25e-06, 6.75e-07], [0.0, 2.0]]
[48 : minimize] Run 1/1 will start from random initial point:
[48 : minimize] {'b1_LRGz1': 1.2826827811863022, 'b1_LRGz2': 1.2680188171607663, 'b1_LRGz3': 1.2148943563306227, 'b1_LRGz4': 1.2349569494190098, 'b2_LRGz1': -0.7517566842346272, 'b2_LRGz2': -0.33673326391676006, 'b2_LRGz3': 2.002457553363791, 'b2_LRGz4': 2.308701779929366, 'bs_LRGz1': 0.1269303444430865, 'bs_LRGz2': -0.38522194507223934, 'bs_LRGz3': -0.555233423394153, 'bs_LRGz4': -2.7664572836125076, 'ln1e10As': 3.0778768761569664, 'omega_cdm': 0.1040052679744565, 'smag_LRGz1': 0.8499717896920949, 'smag_LRGz2': 1.0220363817338198, 'smag_LRGz3': 1.0391594031715412, 'smag_LRGz4': 1.0167003993293369}
[16 : minimize] {'b1_LRGz1': 1.2599551629234522, 'b1_LRGz2': 1.2763007742927774, 'b1_LRGz3': 1.2322936707858845, 'b1_LRGz4': 1.231137355604619, 'b2_LRGz1': -1.1363967959722894, 'b2_LRGz2': 1.1937949629321127, 'b2_LRGz3': -1.86845906380568, 'b2_LRGz4': -0.2695157659591087, 'bs_LRGz1': 0.5178760685391081, 'bs_LRGz2': -1.0903156277783117, 'bs_LRGz3': -0.556896345397619, 'bs_LRGz4': -1.395524050370483, 'ln1e10As': 3.046824973347619, 'omega_cdm': 0.12376185469267775, 'smag_LRGz1': 0.9403521227286123, 'smag_LRGz2': 1.0202726376332227, 'smag_LRGz3': 0.9438529493027578, 'smag_LRGz4': 0.8953212798273242}
Using template priors = [[0.0, 50.0], [4.07e-06, 1.221e-06], [0.0, 2.0], [0.0, 50.0], [2.25e-06, 6.75e-07], [0.0, 2.0], [0.0, 50.0], [2.05e-06, 6.149999999999999e-07], [0.0, 2.0], [0.0, 50.0], [2.25e-06, 6.75e-07], [0.0, 2.0]]
[46 : minimize] Run 1/1 will start from random initial point:
[46 : minimize] {'b1_LRGz1': 1.2956125131750775, 'b1_LRGz2': 1.2214527473691046, 'b1_LRGz3': 1.2247124578378643, 'b1_LRGz4': 1.3275912501209068, 'b2_LRGz1': 0.3025090875369141, 'b2_LRGz2': -0.8625357083788208, 'b2_LRGz3': 0.7819968331405478, 'b2_LRGz4': 1.4909037640399614, 'bs_LRGz1': -0.6143055772566198, 'bs_LRGz2': -1.926195666287585, 'bs_LRGz3': 1.4336486875380894, 'bs_LRGz4': 1.7070921995310295, 'ln1e10As': 3.0250517184945136, 'omega_cdm': 0.11519975612045735, 'smag_LRGz1': 0.9501170729219914, 'smag_LRGz2': 1.1367342867632206, 'smag_LRGz3': 0.9986837676394753, 'smag_LRGz4': 1.0317081548090095}
Using template priors = [[0.0, 50.0], [4.07e-06, 1.221e-06], [0.0, 2.0], [0.0, 50.0], [2.25e-06, 6.75e-07], [0.0, 2.0], [0.0, 50.0], [2.05e-06, 6.149999999999999e-07], [0.0, 2.0], [0.0, 50.0], [2.25e-06, 6.75e-07], [0.0, 2.0]]
[21 : minimize] Run 1/1 will start from random initial point:
Using template priors = [[0.0, 50.0], [4.07e-06, 1.221e-06], [0.0, 2.0], [0.0, 50.0], [2.25e-06, 6.75e-07], [0.0, 2.0], [0.0, 50.0], [2.05e-06, 6.149999999999999e-07], [0.0, 2.0], [0.0, 50.0], [2.25e-06, 6.75e-07], [0.0, 2.0]]
[32 : minimize] Run 1/1 will start from random initial point:
[21 : minimize] {'b1_LRGz1': 1.2092893609123194, 'b1_LRGz2': 1.2899146328214313, 'b1_LRGz3': 1.224132878884475, 'b1_LRGz4': 1.3161339935608847, 'b2_LRGz1': -0.7910906075131683, 'b2_LRGz2': 1.7503644944047618, 'b2_LRGz3': -0.37775794645397104, 'b2_LRGz4': -0.6450132999334818, 'bs_LRGz1': 1.609009815361389, 'bs_LRGz2': 1.8990176574432445, 'bs_LRGz3': -0.8984257802360989, 'bs_LRGz4': -0.37850168446792504, 'ln1e10As': 3.0566871685054964, 'omega_cdm': 0.13442534549222804, 'smag_LRGz1': 0.9527033831527149, 'smag_LRGz2': 0.9409975604741659, 'smag_LRGz3': 0.8897341726035151, 'smag_LRGz4': 0.9346040977109388}
[32 : minimize] {'b1_LRGz1': 1.2533623622477843, 'b1_LRGz2': 1.2443322432050195, 'b1_LRGz3': 1.3097202534376728, 'b1_LRGz4': 1.2878471709189396, 'b2_LRGz1': 0.5210367076243847, 'b2_LRGz2': 1.593864204855412, 'b2_LRGz3': 0.37854406667747353, 'b2_LRGz4': 1.0298820390575791, 'bs_LRGz1': 0.05781585695746315, 'bs_LRGz2': 1.0437863831397927, 'bs_LRGz3': 0.3578827508983174, 'bs_LRGz4': -1.0170860722434507, 'ln1e10As': 3.0776058414019354, 'omega_cdm': 0.12388659339836894, 'smag_LRGz1': 0.8640511975116596, 'smag_LRGz2': 1.0500372209535205, 'smag_LRGz3': 0.9869767329054251, 'smag_LRGz4': 1.0056213389340982}
Using template priors = [[0.0, 50.0], [4.07e-06, 1.221e-06], [0.0, 2.0], [0.0, 50.0], [2.25e-06, 6.75e-07], [0.0, 2.0], [0.0, 50.0], [2.05e-06, 6.149999999999999e-07], [0.0, 2.0], [0.0, 50.0], [2.25e-06, 6.75e-07], [0.0, 2.0]]
[14 : minimize] Run 1/1 will start from random initial point:
[14 : minimize] {'b1_LRGz1': 1.1880034557403971, 'b1_LRGz2': 1.246879697874423, 'b1_LRGz3': 1.3088973913316384, 'b1_LRGz4': 1.3307197060485498, 'b2_LRGz1': -0.14190870998596603, 'b2_LRGz2': 0.11226319476861889, 'b2_LRGz3': 1.121017964380829, 'b2_LRGz4': 0.5455068213176082, 'bs_LRGz1': 0.623785776390912, 'bs_LRGz2': 0.3640762373482099, 'bs_LRGz3': -0.7757724456904731, 'bs_LRGz4': 0.17658707826078415, 'ln1e10As': 3.0943430914965613, 'omega_cdm': 0.1384084356920926, 'smag_LRGz1': 0.907009805780958, 'smag_LRGz2': 1.0370239693044043, 'smag_LRGz3': 1.0037857367728202, 'smag_LRGz4': 1.052094686626824}
Using template priors = [[0.0, 50.0], [4.07e-06, 1.221e-06], [0.0, 2.0], [0.0, 50.0], [2.25e-06, 6.75e-07], [0.0, 2.0], [0.0, 50.0], [2.05e-06, 6.149999999999999e-07], [0.0, 2.0], [0.0, 50.0], [2.25e-06, 6.75e-07], [0.0, 2.0]]
[1 : minimize] Run 1/1 will start from random initial point:
[1 : minimize] {'b1_LRGz1': 1.293801730541417, 'b1_LRGz2': 1.246680966084215, 'b1_LRGz3': 1.2926073446887765, 'b1_LRGz4': 1.2253970641715426, 'b2_LRGz1': -0.5406234134773025, 'b2_LRGz2': -0.8068614590651394, 'b2_LRGz3': -0.264155872876743, 'b2_LRGz4': 0.6736030407129936, 'bs_LRGz1': -0.9667268977169199, 'bs_LRGz2': 0.9835305874557735, 'bs_LRGz3': 1.0370699752434478, 'bs_LRGz4': -1.4853635101728269, 'ln1e10As': 3.048428649266086, 'omega_cdm': 0.11093937815677697, 'smag_LRGz1': 0.9444985286619342, 'smag_LRGz2': 1.0154157283765628, 'smag_LRGz3': 0.9509117547817311, 'smag_LRGz4': 0.9850642850901231}
Using template priors = [[0.0, 50.0], [4.07e-06, 1.221e-06], [0.0, 2.0], [0.0, 50.0], [2.25e-06, 6.75e-07], [0.0, 2.0], [0.0, 50.0], [2.05e-06, 6.149999999999999e-07], [0.0, 2.0], [0.0, 50.0], [2.25e-06, 6.75e-07], [0.0, 2.0]]
[19 : minimize] Run 1/1 will start from random initial point:
[19 : minimize] {'b1_LRGz1': 1.3388534404202421, 'b1_LRGz2': 1.1174050000937972, 'b1_LRGz3': 1.244263014660307, 'b1_LRGz4': 1.086050944743938, 'b2_LRGz1': -0.5662661150783775, 'b2_LRGz2': -0.195152111250156, 'b2_LRGz3': -0.4189715507157194, 'b2_LRGz4': -0.04515319122673483, 'bs_LRGz1': -0.19440339589668332, 'bs_LRGz2': 0.8058585236907481, 'bs_LRGz3': 0.7196077958830529, 'bs_LRGz4': 2.876736343712512, 'ln1e10As': 3.0952776732066996, 'omega_cdm': 0.11465794177791759, 'smag_LRGz1': 1.004510526451743, 'smag_LRGz2': 1.0559156547406647, 'smag_LRGz3': 0.987190356730097, 'smag_LRGz4': 1.0441962916771697}
Using template priors = [[0.0, 50.0], [4.07e-06, 1.221e-06], [0.0, 2.0], [0.0, 50.0], [2.25e-06, 6.75e-07], [0.0, 2.0], [0.0, 50.0], [2.05e-06, 6.149999999999999e-07], [0.0, 2.0], [0.0, 50.0], [2.25e-06, 6.75e-07], [0.0, 2.0]]
[31 : minimize] Run 1/1 will start from random initial point:
[31 : minimize] {'b1_LRGz1': 1.2035309248995028, 'b1_LRGz2': 1.2242818762548247, 'b1_LRGz3': 1.1955496419521818, 'b1_LRGz4': 1.1072611812120492, 'b2_LRGz1': 0.5030377204589515, 'b2_LRGz2': 1.0072299727002318, 'b2_LRGz3': 0.20877665567076265, 'b2_LRGz4': -2.383504054085352, 'bs_LRGz1': 1.5815201315573575, 'bs_LRGz2': -1.4859433273352032, 'bs_LRGz3': 0.6615076796794574, 'bs_LRGz4': -1.1480183359015135, 'ln1e10As': 3.130379718216022, 'omega_cdm': 0.11901174861283376, 'smag_LRGz1': 0.9683521378014989, 'smag_LRGz2': 1.0096143543218608, 'smag_LRGz3': 0.9767713791174061, 'smag_LRGz4': 1.0026553343178626}
Using template priors = [[0.0, 50.0], [4.07e-06, 1.221e-06], [0.0, 2.0], [0.0, 50.0], [2.25e-06, 6.75e-07], [0.0, 2.0], [0.0, 50.0], [2.05e-06, 6.149999999999999e-07], [0.0, 2.0], [0.0, 50.0], [2.25e-06, 6.75e-07], [0.0, 2.0]]
[8 : minimize] Run 1/1 will start from random initial point:
[8 : minimize] {'b1_LRGz1': 1.2478624651658339, 'b1_LRGz2': 1.200316614406456, 'b1_LRGz3': 1.2210265663588074, 'b1_LRGz4': 1.3036674040253573, 'b2_LRGz1': -1.0784327070485498, 'b2_LRGz2': -0.018948723244545513, 'b2_LRGz3': -0.28435929647566416, 'b2_LRGz4': 0.44936565476537804, 'bs_LRGz1': 0.6680306298415588, 'bs_LRGz2': 0.5228289942188882, 'bs_LRGz3': 0.3203437300917745, 'bs_LRGz4': -1.466562583609958, 'ln1e10As': 3.0486678724632927, 'omega_cdm': 0.12772012424878665, 'smag_LRGz1': 1.002982945125569, 'smag_LRGz2': 1.027930740340493, 'smag_LRGz3': 0.9512068803308129, 'smag_LRGz4': 0.9815587074555042}
Using template priors = [[0.0, 50.0], [4.07e-06, 1.221e-06], [0.0, 2.0], [0.0, 50.0], [2.25e-06, 6.75e-07], [0.0, 2.0], [0.0, 50.0], [2.05e-06, 6.149999999999999e-07], [0.0, 2.0], [0.0, 50.0], [2.25e-06, 6.75e-07], [0.0, 2.0]]
[36 : minimize] Run 1/1 will start from random initial point:
[36 : minimize] {'b1_LRGz1': 1.2096122138947913, 'b1_LRGz2': 1.3374050719037032, 'b1_LRGz3': 1.2097389338516908, 'b1_LRGz4': 1.2887175030160092, 'b2_LRGz1': 0.7837612243686605, 'b2_LRGz2': 1.3801048023857527, 'b2_LRGz3': 1.107705201792282, 'b2_LRGz4': -0.24262981682437143, 'bs_LRGz1': -0.13213799813083138, 'bs_LRGz2': -1.162309786200894, 'bs_LRGz3': -0.004343454263297783, 'bs_LRGz4': 0.3879650272567573, 'ln1e10As': 3.042317623453644, 'omega_cdm': 0.11993907288996934, 'smag_LRGz1': 0.9637072671016025, 'smag_LRGz2': 1.1100424027935698, 'smag_LRGz3': 1.020192176734336, 'smag_LRGz4': 0.9612647348791189}
Using template priors = [[0.0, 50.0], [4.07e-06, 1.221e-06], [0.0, 2.0], [0.0, 50.0], [2.25e-06, 6.75e-07], [0.0, 2.0], [0.0, 50.0], [2.05e-06, 6.149999999999999e-07], [0.0, 2.0], [0.0, 50.0], [2.25e-06, 6.75e-07], [0.0, 2.0]]
[55 : minimize] Run 1/1 will start from random initial point:
Using template priors = [[0.0, 50.0], [4.07e-06, 1.221e-06], [0.0, 2.0], [0.0, 50.0], [2.25e-06, 6.75e-07], [0.0, 2.0], [0.0, 50.0], [2.05e-06, 6.149999999999999e-07], [0.0, 2.0], [0.0, 50.0], [2.25e-06, 6.75e-07], [0.0, 2.0]]
[54 : minimize] Run 1/1 will start from random initial point:
[55 : minimize] {'b1_LRGz1': 1.2508782470156161, 'b1_LRGz2': 1.2964381193737629, 'b1_LRGz3': 1.341105845141446, 'b1_LRGz4': 1.2253493319193336, 'b2_LRGz1': 0.22643460159513115, 'b2_LRGz2': 0.3807687418861994, 'b2_LRGz3': -1.390131625462775, 'b2_LRGz4': -0.06233610879275578, 'bs_LRGz1': -0.6769490403814281, 'bs_LRGz2': -0.0311773302399496, 'bs_LRGz3': -1.776353523246472, 'bs_LRGz4': -0.024889363196714566, 'ln1e10As': 3.0245322832737567, 'omega_cdm': 0.12120201537536134, 'smag_LRGz1': 1.0189016369857833, 'smag_LRGz2': 1.010212939171558, 'smag_LRGz3': 0.9017212963369091, 'smag_LRGz4': 0.9592027283971302}
[54 : minimize] {'b1_LRGz1': 1.2161573274193915, 'b1_LRGz2': 1.268826312940329, 'b1_LRGz3': 1.17852114725766, 'b1_LRGz4': 1.2695430278702153, 'b2_LRGz1': -0.1514791414887812, 'b2_LRGz2': -0.2916960849202267, 'b2_LRGz3': -0.09800802419322266, 'b2_LRGz4': -0.30654211160429573, 'bs_LRGz1': -1.8380100677471383, 'bs_LRGz2': 0.7651898861834622, 'bs_LRGz3': -0.8993092119960221, 'bs_LRGz4': -0.46373970618723925, 'ln1e10As': 3.091634875509641, 'omega_cdm': 0.1145762874319609, 'smag_LRGz1': 0.9555174546689428, 'smag_LRGz2': 1.0519492931276573, 'smag_LRGz3': 1.000914306690861, 'smag_LRGz4': 1.0089145282265457}
Using template priors = [[0.0, 50.0], [4.07e-06, 1.221e-06], [0.0, 2.0], [0.0, 50.0], [2.25e-06, 6.75e-07], [0.0, 2.0], [0.0, 50.0], [2.05e-06, 6.149999999999999e-07], [0.0, 2.0], [0.0, 50.0], [2.25e-06, 6.75e-07], [0.0, 2.0]]
[28 : minimize] Run 1/1 will start from random initial point:
[28 : minimize] {'b1_LRGz1': 1.283195630067023, 'b1_LRGz2': 1.2791080845772382, 'b1_LRGz3': 1.244378699438298, 'b1_LRGz4': 1.2899819134207362, 'b2_LRGz1': -0.3793885106404305, 'b2_LRGz2': -0.8303195039060015, 'b2_LRGz3': -1.7374870179496154, 'b2_LRGz4': -1.5816541667853028, 'bs_LRGz1': -0.8941213597598053, 'bs_LRGz2': 0.2320070091301245, 'bs_LRGz3': 1.3150928912855913, 'bs_LRGz4': 0.6003015105882216, 'ln1e10As': 3.079927731151617, 'omega_cdm': 0.12086772187369113, 'smag_LRGz1': 0.9322614844596494, 'smag_LRGz2': 1.1112360044337894, 'smag_LRGz3': 0.9405179190096634, 'smag_LRGz4': 0.9481511168853419}
Using template priors = [[0.0, 50.0], [4.07e-06, 1.221e-06], [0.0, 2.0], [0.0, 50.0], [2.25e-06, 6.75e-07], [0.0, 2.0], [0.0, 50.0], [2.05e-06, 6.149999999999999e-07], [0.0, 2.0], [0.0, 50.0], [2.25e-06, 6.75e-07], [0.0, 2.0]]
[26 : minimize] Run 1/1 will start from random initial point:
[26 : minimize] {'b1_LRGz1': 1.3115711484809838, 'b1_LRGz2': 1.2903223680315439, 'b1_LRGz3': 1.2934307417814315, 'b1_LRGz4': 1.2681282771748648, 'b2_LRGz1': -1.4103579812499887, 'b2_LRGz2': -0.8377299982286912, 'b2_LRGz3': 0.20759527315382453, 'b2_LRGz4': -0.7528629315193576, 'bs_LRGz1': -0.742624897902994, 'bs_LRGz2': 1.1980836152708725, 'bs_LRGz3': -0.18143119614345093, 'bs_LRGz4': 0.19437639334253476, 'ln1e10As': 3.0606511811356047, 'omega_cdm': 0.11255923400455171, 'smag_LRGz1': 0.9632870263371979, 'smag_LRGz2': 1.0134997780000836, 'smag_LRGz3': 0.9602294416161372, 'smag_LRGz4': 0.9661496921724336}
Using template priors = [[0.0, 50.0], [4.07e-06, 1.221e-06], [0.0, 2.0], [0.0, 50.0], [2.25e-06, 6.75e-07], [0.0, 2.0], [0.0, 50.0], [2.05e-06, 6.149999999999999e-07], [0.0, 2.0], [0.0, 50.0], [2.25e-06, 6.75e-07], [0.0, 2.0]]
[60 : minimize] Run 1/1 will start from random initial point:
Using template priors = [[0.0, 50.0], [4.07e-06, 1.221e-06], [0.0, 2.0], [0.0, 50.0], [2.25e-06, 6.75e-07], [0.0, 2.0], [0.0, 50.0], [2.05e-06, 6.149999999999999e-07], [0.0, 2.0], [0.0, 50.0], [2.25e-06, 6.75e-07], [0.0, 2.0]]
[3 : minimize] Run 1/1 will start from random initial point:
Using template priors = [[0.0, 50.0], [4.07e-06, 1.221e-06], [0.0, 2.0], [0.0, 50.0], [2.25e-06, 6.75e-07], [0.0, 2.0], [0.0, 50.0], [2.05e-06, 6.149999999999999e-07], [0.0, 2.0], [0.0, 50.0], [2.25e-06, 6.75e-07], [0.0, 2.0]]
[11 : minimize] Run 1/1 will start from random initial point:
[60 : minimize] {'b1_LRGz1': 1.2655820482385072, 'b1_LRGz2': 1.2884157302504944, 'b1_LRGz3': 1.2747028988157887, 'b1_LRGz4': 1.212680265018766, 'b2_LRGz1': 0.8928320440630556, 'b2_LRGz2': -0.3747974976682637, 'b2_LRGz3': -1.1655979374216752, 'b2_LRGz4': 0.6762113301765972, 'bs_LRGz1': -3.009279255697263, 'bs_LRGz2': 0.17435355143243733, 'bs_LRGz3': 0.4396499901138924, 'bs_LRGz4': -0.18721379823290443, 'ln1e10As': 3.0014584397891637, 'omega_cdm': 0.1267072851777361, 'smag_LRGz1': 1.019639851367626, 'smag_LRGz2': 1.1672487020519953, 'smag_LRGz3': 0.9091881440808146, 'smag_LRGz4': 0.9590237693192514}
[3 : minimize] {'b1_LRGz1': 1.2921056897870031, 'b1_LRGz2': 1.2303761520186733, 'b1_LRGz3': 1.2803718427659152, 'b1_LRGz4': 1.3265787378077305, 'b2_LRGz1': -0.4232091813940288, 'b2_LRGz2': -0.6668604999375031, 'b2_LRGz3': -0.24861286412249428, 'b2_LRGz4': -0.4471156796731423, 'bs_LRGz1': 1.5236325779710507, 'bs_LRGz2': -1.6114438686482693, 'bs_LRGz3': -0.03381804264150109, 'bs_LRGz4': -0.6396153012057253, 'ln1e10As': 3.0645236880244564, 'omega_cdm': 0.11483147945248293, 'smag_LRGz1': 0.9307810253544296, 'smag_LRGz2': 1.0552838986685593, 'smag_LRGz3': 0.9515417141607755, 'smag_LRGz4': 1.0279703953940094}
[11 : minimize] {'b1_LRGz1': 1.2669071195826338, 'b1_LRGz2': 1.195031074834116, 'b1_LRGz3': 1.1929083653339752, 'b1_LRGz4': 1.239350301401209, 'b2_LRGz1': -0.5729493196955981, 'b2_LRGz2': 2.3483969480981064, 'b2_LRGz3': 0.9266282243821656, 'b2_LRGz4': 0.1695089242302452, 'bs_LRGz1': 0.30263816794864484, 'bs_LRGz2': -0.30911834212635814, 'bs_LRGz3': 1.3411623331975557, 'bs_LRGz4': -1.8159468186885062, 'ln1e10As': 3.120095433067104, 'omega_cdm': 0.11490941094735728, 'smag_LRGz1': 1.0053319771440319, 'smag_LRGz2': 1.0956538279927128, 'smag_LRGz3': 1.0307079421248408, 'smag_LRGz4': 1.0476898701329591}
Using template priors = [[0.0, 50.0], [4.07e-06, 1.221e-06], [0.0, 2.0], [0.0, 50.0], [2.25e-06, 6.75e-07], [0.0, 2.0], [0.0, 50.0], [2.05e-06, 6.149999999999999e-07], [0.0, 2.0], [0.0, 50.0], [2.25e-06, 6.75e-07], [0.0, 2.0]]
[4 : minimize] Run 1/1 will start from random initial point:
[4 : minimize] {'b1_LRGz1': 1.325371857265161, 'b1_LRGz2': 1.1771900526734906, 'b1_LRGz3': 1.2966657125343704, 'b1_LRGz4': 1.2425430656040297, 'b2_LRGz1': 0.04757976244416633, 'b2_LRGz2': 0.388901705370565, 'b2_LRGz3': -1.3990800107655688, 'b2_LRGz4': 0.30350557422150826, 'bs_LRGz1': -0.16167991547980648, 'bs_LRGz2': 0.03104506139173986, 'bs_LRGz3': 0.14240924496387142, 'bs_LRGz4': -2.6624314514992435, 'ln1e10As': 3.0353240472306533, 'omega_cdm': 0.11846313462958886, 'smag_LRGz1': 0.9369029996549431, 'smag_LRGz2': 1.0652208628266857, 'smag_LRGz3': 0.9670715681001438, 'smag_LRGz4': 0.9255912079968981}
Using template priors = [[0.0, 50.0], [4.07e-06, 1.221e-06], [0.0, 2.0], [0.0, 50.0], [2.25e-06, 6.75e-07], [0.0, 2.0], [0.0, 50.0], [2.05e-06, 6.149999999999999e-07], [0.0, 2.0], [0.0, 50.0], [2.25e-06, 6.75e-07], [0.0, 2.0]]
[62 : minimize] Run 1/1 will start from random initial point:
[62 : minimize] {'b1_LRGz1': 1.2903198354953958, 'b1_LRGz2': 1.17960204329411, 'b1_LRGz3': 1.2339055645219241, 'b1_LRGz4': 1.18226871976261, 'b2_LRGz1': -0.4874144237675456, 'b2_LRGz2': -0.35673769416639767, 'b2_LRGz3': 0.38088082215980085, 'b2_LRGz4': 0.02349222094137083, 'bs_LRGz1': 2.3651187442441115, 'bs_LRGz2': -0.11392538197736124, 'bs_LRGz3': 1.038759887010969, 'bs_LRGz4': 1.6737766141926975, 'ln1e10As': 3.012919344715729, 'omega_cdm': 0.11537018220723289, 'smag_LRGz1': 0.9798460687920663, 'smag_LRGz2': 1.0823041870477181, 'smag_LRGz3': 0.9449055799147748, 'smag_LRGz4': 0.9142169804076269}
Using template priors = [[0.0, 50.0], [4.07e-06, 1.221e-06], [0.0, 2.0], [0.0, 50.0], [2.25e-06, 6.75e-07], [0.0, 2.0], [0.0, 50.0], [2.05e-06, 6.149999999999999e-07], [0.0, 2.0], [0.0, 50.0], [2.25e-06, 6.75e-07], [0.0, 2.0]]
[20 : minimize] Run 1/1 will start from random initial point:
[20 : minimize] {'b1_LRGz1': 1.3130192203293247, 'b1_LRGz2': 1.2165627588891381, 'b1_LRGz3': 1.2774420202422498, 'b1_LRGz4': 1.340396283665148, 'b2_LRGz1': 0.20156271302655226, 'b2_LRGz2': -1.8657016010439174, 'b2_LRGz3': 0.6078961013219162, 'b2_LRGz4': 0.39016888264518707, 'bs_LRGz1': 1.953661361205744, 'bs_LRGz2': -1.178387385453031, 'bs_LRGz3': 0.6893094472728797, 'bs_LRGz4': 0.12058451039065501, 'ln1e10As': 3.0578001484496893, 'omega_cdm': 0.1269930944567453, 'smag_LRGz1': 0.9308266511270593, 'smag_LRGz2': 1.0801358609577947, 'smag_LRGz3': 0.9345599221549461, 'smag_LRGz4': 1.0647276836561743}
Using template priors = [[0.0, 50.0], [4.07e-06, 1.221e-06], [0.0, 2.0], [0.0, 50.0], [2.25e-06, 6.75e-07], [0.0, 2.0], [0.0, 50.0], [2.05e-06, 6.149999999999999e-07], [0.0, 2.0], [0.0, 50.0], [2.25e-06, 6.75e-07], [0.0, 2.0]]
[18 : minimize] Run 1/1 will start from random initial point:
[18 : minimize] {'b1_LRGz1': 1.342854533702098, 'b1_LRGz2': 1.2022530018538113, 'b1_LRGz3': 1.31585225060901, 'b1_LRGz4': 1.2693992794707873, 'b2_LRGz1': 0.563510328216856, 'b2_LRGz2': 0.8240720894670557, 'b2_LRGz3': 0.18244158093178847, 'b2_LRGz4': -1.207201407933571, 'bs_LRGz1': 1.1924348328769574, 'bs_LRGz2': -0.04002038991886718, 'bs_LRGz3': 2.2165682556834034, 'bs_LRGz4': 0.6966856587666452, 'ln1e10As': 2.974813900124799, 'omega_cdm': 0.10796262545313753, 'smag_LRGz1': 1.011070370337191, 'smag_LRGz2': 1.1142510415735065, 'smag_LRGz3': 1.059586277032468, 'smag_LRGz4': 0.9743153566157976}
Using template priors = [[0.0, 50.0], [4.07e-06, 1.221e-06], [0.0, 2.0], [0.0, 50.0], [2.25e-06, 6.75e-07], [0.0, 2.0], [0.0, 50.0], [2.05e-06, 6.149999999999999e-07], [0.0, 2.0], [0.0, 50.0], [2.25e-06, 6.75e-07], [0.0, 2.0]]
[58 : minimize] Run 1/1 will start from random initial point:
[58 : minimize] {'b1_LRGz1': 1.1410309405357468, 'b1_LRGz2': 1.2424224971788114, 'b1_LRGz3': 1.1936419580910105, 'b1_LRGz4': 1.253481090617816, 'b2_LRGz1': -0.4929169081314875, 'b2_LRGz2': 1.7727615031390827, 'b2_LRGz3': 0.9964305472907794, 'b2_LRGz4': 0.492191697343464, 'bs_LRGz1': 0.7577340481597373, 'bs_LRGz2': -0.1728796943874843, 'bs_LRGz3': 0.9261893851441931, 'bs_LRGz4': 0.2432707037981702, 'ln1e10As': 3.0619333004715537, 'omega_cdm': 0.12504221523301656, 'smag_LRGz1': 1.0680315063139125, 'smag_LRGz2': 0.962144026151887, 'smag_LRGz3': 0.9302923171184749, 'smag_LRGz4': 0.9307224420352626}
Using template priors = [[0.0, 50.0], [4.07e-06, 1.221e-06], [0.0, 2.0], [0.0, 50.0], [2.25e-06, 6.75e-07], [0.0, 2.0], [0.0, 50.0], [2.05e-06, 6.149999999999999e-07], [0.0, 2.0], [0.0, 50.0], [2.25e-06, 6.75e-07], [0.0, 2.0]]
[35 : minimize] Run 1/1 will start from random initial point:
[35 : minimize] {'b1_LRGz1': 1.2991342152390453, 'b1_LRGz2': 1.295478982970856, 'b1_LRGz3': 1.2565911901246078, 'b1_LRGz4': 1.3244199764605151, 'b2_LRGz1': -0.9231770531247089, 'b2_LRGz2': 0.5995673563606793, 'b2_LRGz3': -0.09981192042191088, 'b2_LRGz4': 1.3105983426414187, 'bs_LRGz1': 1.8379782933346893, 'bs_LRGz2': -0.6780406159064626, 'bs_LRGz3': -0.12721195048645065, 'bs_LRGz4': 1.4039920246718396, 'ln1e10As': 3.018439711898096, 'omega_cdm': 0.13236253222455813, 'smag_LRGz1': 0.9791744655060819, 'smag_LRGz2': 0.9862706651198461, 'smag_LRGz3': 0.9232618007824476, 'smag_LRGz4': 1.0136026812510828}
Using template priors = [[0.0, 50.0], [4.07e-06, 1.221e-06], [0.0, 2.0], [0.0, 50.0], [2.25e-06, 6.75e-07], [0.0, 2.0], [0.0, 50.0], [2.05e-06, 6.149999999999999e-07], [0.0, 2.0], [0.0, 50.0], [2.25e-06, 6.75e-07], [0.0, 2.0]]
[43 : minimize] Run 1/1 will start from random initial point:
[43 : minimize] {'b1_LRGz1': 1.1750218862605386, 'b1_LRGz2': 1.1443373926091853, 'b1_LRGz3': 1.2389288915144234, 'b1_LRGz4': 1.2590409691759386, 'b2_LRGz1': 1.0935170042668108, 'b2_LRGz2': -0.8577248460367203, 'b2_LRGz3': -2.393118605935154, 'b2_LRGz4': -0.7103329185214396, 'bs_LRGz1': -0.05544297289242945, 'bs_LRGz2': 0.2091872574497072, 'bs_LRGz3': 0.5936750312856027, 'bs_LRGz4': -1.1821001821618167, 'ln1e10As': 3.100599661445175, 'omega_cdm': 0.12804160148552385, 'smag_LRGz1': 0.994300979556577, 'smag_LRGz2': 1.078928643727236, 'smag_LRGz3': 0.8902165076182866, 'smag_LRGz4': 1.0322094261106682}
Using template priors = [[0.0, 50.0], [4.07e-06, 1.221e-06], [0.0, 2.0], [0.0, 50.0], [2.25e-06, 6.75e-07], [0.0, 2.0], [0.0, 50.0], [2.05e-06, 6.149999999999999e-07], [0.0, 2.0], [0.0, 50.0], [2.25e-06, 6.75e-07], [0.0, 2.0]]
[59 : minimize] Run 1/1 will start from random initial point:
[59 : minimize] {'b1_LRGz1': 1.2326878354217012, 'b1_LRGz2': 1.2499354032936358, 'b1_LRGz3': 1.2258635971097702, 'b1_LRGz4': 1.2312330631566877, 'b2_LRGz1': 1.6474717888801604, 'b2_LRGz2': -0.8812392975393875, 'b2_LRGz3': -2.2408439766859654, 'b2_LRGz4': 0.3081958397038553, 'bs_LRGz1': -0.9594485223300819, 'bs_LRGz2': 1.1873385546066235, 'bs_LRGz3': 0.37802049108970254, 'bs_LRGz4': 0.02968771115122614, 'ln1e10As': 3.0518648320789366, 'omega_cdm': 0.10379937907643663, 'smag_LRGz1': 0.9428430783396247, 'smag_LRGz2': 1.0538201109504575, 'smag_LRGz3': 0.9918024371004097, 'smag_LRGz4': 1.074421956216407}
Using template priors = [[0.0, 50.0], [4.07e-06, 1.221e-06], [0.0, 2.0], [0.0, 50.0], [2.25e-06, 6.75e-07], [0.0, 2.0], [0.0, 50.0], [2.05e-06, 6.149999999999999e-07], [0.0, 2.0], [0.0, 50.0], [2.25e-06, 6.75e-07], [0.0, 2.0]]
[34 : minimize] Run 1/1 will start from random initial point:
[34 : minimize] {'b1_LRGz1': 1.2797531246584501, 'b1_LRGz2': 1.2268587048934259, 'b1_LRGz3': 1.2499804741587872, 'b1_LRGz4': 1.2486722211890688, 'b2_LRGz1': -0.7322667759069955, 'b2_LRGz2': 1.143215270747076, 'b2_LRGz3': -0.34735385305351885, 'b2_LRGz4': -0.6030588427533963, 'bs_LRGz1': -1.6243116608750812, 'bs_LRGz2': 1.0438013749298223, 'bs_LRGz3': 0.5184940064739283, 'bs_LRGz4': 1.0068284476051474, 'ln1e10As': 3.0706643658697135, 'omega_cdm': 0.12228861568277433, 'smag_LRGz1': 0.9310839561922488, 'smag_LRGz2': 1.1160484493858234, 'smag_LRGz3': 1.0547233567969725, 'smag_LRGz4': 0.966836881961523}
Using template priors = [[0.0, 50.0], [4.07e-06, 1.221e-06], [0.0, 2.0], [0.0, 50.0], [2.25e-06, 6.75e-07], [0.0, 2.0], [0.0, 50.0], [2.05e-06, 6.149999999999999e-07], [0.0, 2.0], [0.0, 50.0], [2.25e-06, 6.75e-07], [0.0, 2.0]]
[52 : minimize] Run 1/1 will start from random initial point:
[52 : minimize] {'b1_LRGz1': 1.2813314188516542, 'b1_LRGz2': 1.216760700558307, 'b1_LRGz3': 1.296511748690128, 'b1_LRGz4': 1.1886450160840976, 'b2_LRGz1': -1.3496474345078653, 'b2_LRGz2': -1.185453125889474, 'b2_LRGz3': -0.9564578384366123, 'b2_LRGz4': 1.066645497669803, 'bs_LRGz1': 0.9430142237008562, 'bs_LRGz2': -0.27663258551758074, 'bs_LRGz3': 0.02319713370489372, 'bs_LRGz4': 0.7110608323393154, 'ln1e10As': 3.1004853302958146, 'omega_cdm': 0.11953679190240882, 'smag_LRGz1': 0.9361041305134974, 'smag_LRGz2': 0.9789997974906287, 'smag_LRGz3': 0.8995078573272871, 'smag_LRGz4': 0.9616804842002836}
[0 : minimize] Run 1/1 will start from random initial point:
[0 : minimize] {'b1_LRGz1': 1.251073242279753, 'b1_LRGz2': 1.3694768693400985, 'b1_LRGz3': 1.2067383652926618, 'b1_LRGz4': 1.30286262445547, 'b2_LRGz1': -0.1101752386047799, 'b2_LRGz2': 0.8701506788739961, 'b2_LRGz3': 0.7020616126740448, 'b2_LRGz4': -0.031221099609621168, 'bs_LRGz1': 0.591306425263867, 'bs_LRGz2': 0.2567700352952511, 'bs_LRGz3': 0.2500934301284672, 'bs_LRGz4': 0.22299346161270212, 'ln1e10As': 3.0820490991648812, 'omega_cdm': 0.11473742543244357, 'smag_LRGz1': 1.0200824656782699, 'smag_LRGz2': 1.1530681691737013, 'smag_LRGz3': 0.982733984966991, 'smag_LRGz4': 0.9914437189525558}
[0 : prior] *WARNING* There are unbounded parameters (['bs_LRGz1', 'bs_LRGz2', 'bs_LRGz3', 'bs_LRGz4', 'smag_LRGz1', 'smag_LRGz2', 'smag_LRGz3', 'smag_LRGz4']). Prior bounds are given at 0.9999995 confidence level. Beware of likelihood modes at the edge of the prior
Using template priors = [[0.0, 50.0], [4.07e-06, 1.221e-06], [0.0, 2.0], [0.0, 50.0], [2.25e-06, 6.75e-07], [0.0, 2.0], [0.0, 50.0], [2.05e-06, 6.149999999999999e-07], [0.0, 2.0], [0.0, 50.0], [2.25e-06, 6.75e-07], [0.0, 2.0]]
[15 : minimize] Run 1/1 will start from random initial point:
[15 : minimize] {'b1_LRGz1': 1.2746645013111688, 'b1_LRGz2': 1.2325699488576787, 'b1_LRGz3': 1.300525369259613, 'b1_LRGz4': 1.1956627569113134, 'b2_LRGz1': 1.4616564153850957, 'b2_LRGz2': 0.452385106982975, 'b2_LRGz3': -1.7227515528752524, 'b2_LRGz4': 0.7698411819165334, 'bs_LRGz1': -0.727157106904259, 'bs_LRGz2': 0.8061126739062863, 'bs_LRGz3': 1.569617494218105, 'bs_LRGz4': -0.38052085311062067, 'ln1e10As': 3.0938865113183054, 'omega_cdm': 0.12282046010465361, 'smag_LRGz1': 0.9445554066462852, 'smag_LRGz2': 0.9658491438791925, 'smag_LRGz3': 0.9141391206891967, 'smag_LRGz4': 0.9187786188689718}
Using template priors = [[0.0, 50.0], [4.07e-06, 1.221e-06], [0.0, 2.0], [0.0, 50.0], [2.25e-06, 6.75e-07], [0.0, 2.0], [0.0, 50.0], [2.05e-06, 6.149999999999999e-07], [0.0, 2.0], [0.0, 50.0], [2.25e-06, 6.75e-07], [0.0, 2.0]]
[30 : minimize] Run 1/1 will start from random initial point:
[30 : minimize] {'b1_LRGz1': 1.3146134823081854, 'b1_LRGz2': 1.1498887275078218, 'b1_LRGz3': 1.298785353600042, 'b1_LRGz4': 1.2382619878574013, 'b2_LRGz1': 1.2393027328293986, 'b2_LRGz2': -2.1154152042209216, 'b2_LRGz3': -0.08679673779923906, 'b2_LRGz4': 0.8672346446019095, 'bs_LRGz1': 1.3999610840585484, 'bs_LRGz2': 1.3694766596886931, 'bs_LRGz3': 1.0301557836709312, 'bs_LRGz4': 1.0436809667873543, 'ln1e10As': 3.073163152403083, 'omega_cdm': 0.11518748073452288, 'smag_LRGz1': 0.8840642560536918, 'smag_LRGz2': 1.0287678029444898, 'smag_LRGz3': 0.9625302340484054, 'smag_LRGz4': 0.9447830506740107}
Using template priors = [[0.0, 50.0], [4.07e-06, 1.221e-06], [0.0, 2.0], [0.0, 50.0], [2.25e-06, 6.75e-07], [0.0, 2.0], [0.0, 50.0], [2.05e-06, 6.149999999999999e-07], [0.0, 2.0], [0.0, 50.0], [2.25e-06, 6.75e-07], [0.0, 2.0]]
[33 : minimize] Run 1/1 will start from random initial point:
[33 : minimize] {'b1_LRGz1': 1.2764352180811498, 'b1_LRGz2': 1.287272965530934, 'b1_LRGz3': 1.3399875451542078, 'b1_LRGz4': 1.3210000046280002, 'b2_LRGz1': -0.0468457227473242, 'b2_LRGz2': -1.2507257257721742, 'b2_LRGz3': -0.27531813140074823, 'b2_LRGz4': 1.1940088889968963, 'bs_LRGz1': 1.8405053042304114, 'bs_LRGz2': -0.9626279494407386, 'bs_LRGz3': 0.6655496903837917, 'bs_LRGz4': 1.6601300000718489, 'ln1e10As': 3.022656657243338, 'omega_cdm': 0.1176743391840988, 'smag_LRGz1': 0.8910483138295302, 'smag_LRGz2': 1.103939813691593, 'smag_LRGz3': 1.0503368537661313, 'smag_LRGz4': 0.9839458653477116}
Using template priors = [[0.0, 50.0], [4.07e-06, 1.221e-06], [0.0, 2.0], [0.0, 50.0], [2.25e-06, 6.75e-07], [0.0, 2.0], [0.0, 50.0], [2.05e-06, 6.149999999999999e-07], [0.0, 2.0], [0.0, 50.0], [2.25e-06, 6.75e-07], [0.0, 2.0]]
[13 : minimize] Run 1/1 will start from random initial point:
[13 : minimize] {'b1_LRGz1': 1.2092891736423275, 'b1_LRGz2': 1.1593314947005509, 'b1_LRGz3': 1.2459849152075182, 'b1_LRGz4': 1.3011087569900965, 'b2_LRGz1': -1.2132019199273918, 'b2_LRGz2': 0.40905580090487437, 'b2_LRGz3': 0.5054433213835824, 'b2_LRGz4': 0.896108344696205, 'bs_LRGz1': 0.5435920344905827, 'bs_LRGz2': 0.5425016347778664, 'bs_LRGz3': 1.3961052564893741, 'bs_LRGz4': -1.350152667863883, 'ln1e10As': 3.0620797491888645, 'omega_cdm': 0.12361494479634985, 'smag_LRGz1': 1.0171542724596305, 'smag_LRGz2': 0.955861181212728, 'smag_LRGz3': 0.8951008271100839, 'smag_LRGz4': 1.0218309618256187}
Using template priors = [[0.0, 50.0], [4.07e-06, 1.221e-06], [0.0, 2.0], [0.0, 50.0], [2.25e-06, 6.75e-07], [0.0, 2.0], [0.0, 50.0], [2.05e-06, 6.149999999999999e-07], [0.0, 2.0], [0.0, 50.0], [2.25e-06, 6.75e-07], [0.0, 2.0]]
[45 : minimize] Run 1/1 will start from random initial point:
[45 : minimize] {'b1_LRGz1': 1.1743774235664617, 'b1_LRGz2': 1.210804884597329, 'b1_LRGz3': 1.2915921971337194, 'b1_LRGz4': 1.1964586343393744, 'b2_LRGz1': 0.3454638621044759, 'b2_LRGz2': 0.9609820745726072, 'b2_LRGz3': 0.006485398157446826, 'b2_LRGz4': -1.1234899440368222, 'bs_LRGz1': 0.1320378858155355, 'bs_LRGz2': 0.019604362454454557, 'bs_LRGz3': 0.5819038501695012, 'bs_LRGz4': 0.5750935670871646, 'ln1e10As': 3.0321003200858336, 'omega_cdm': 0.12298198568524266, 'smag_LRGz1': 0.9174160040210086, 'smag_LRGz2': 1.0387863914619653, 'smag_LRGz3': 1.0553010163390777, 'smag_LRGz4': 0.982179058151257}
Using template priors = [[0.0, 50.0], [4.07e-06, 1.221e-06], [0.0, 2.0], [0.0, 50.0], [2.25e-06, 6.75e-07], [0.0, 2.0], [0.0, 50.0], [2.05e-06, 6.149999999999999e-07], [0.0, 2.0], [0.0, 50.0], [2.25e-06, 6.75e-07], [0.0, 2.0]]
[29 : minimize] Run 1/1 will start from random initial point:
[29 : minimize] {'b1_LRGz1': 1.2469678833653175, 'b1_LRGz2': 1.2455739256603489, 'b1_LRGz3': 1.2755177638557686, 'b1_LRGz4': 1.239159579245494, 'b2_LRGz1': 0.6957540693017993, 'b2_LRGz2': -0.8524536306177856, 'b2_LRGz3': -0.23220151506412842, 'b2_LRGz4': 1.335162345145747, 'bs_LRGz1': -0.6085315051927984, 'bs_LRGz2': 1.3388894372016433, 'bs_LRGz3': -0.007550341511665906, 'bs_LRGz4': 0.7786656024837918, 'ln1e10As': 3.022013472339488, 'omega_cdm': 0.1150129635179129, 'smag_LRGz1': 0.9089848929068346, 'smag_LRGz2': 1.0416714841023098, 'smag_LRGz3': 0.9496033047473169, 'smag_LRGz4': 0.977540885700559}
Using template priors = [[0.0, 50.0], [4.07e-06, 1.221e-06], [0.0, 2.0], [0.0, 50.0], [2.25e-06, 6.75e-07], [0.0, 2.0], [0.0, 50.0], [2.05e-06, 6.149999999999999e-07], [0.0, 2.0], [0.0, 50.0], [2.25e-06, 6.75e-07], [0.0, 2.0]]
[5 : minimize] Run 1/1 will start from random initial point:
[5 : minimize] {'b1_LRGz1': 1.2463042829990725, 'b1_LRGz2': 1.3181284070002248, 'b1_LRGz3': 1.2893538258939472, 'b1_LRGz4': 1.3486120986666048, 'b2_LRGz1': -0.41850088624167303, 'b2_LRGz2': 0.951185798625168, 'b2_LRGz3': 0.13367992911072646, 'b2_LRGz4': -0.5342250005742626, 'bs_LRGz1': 0.11355546061103922, 'bs_LRGz2': -0.64035951538178, 'bs_LRGz3': -0.1004672585394334, 'bs_LRGz4': -0.9530244030312106, 'ln1e10As': 3.0226838971815826, 'omega_cdm': 0.12237892608614953, 'smag_LRGz1': 1.0148328870102203, 'smag_LRGz2': 1.0061787194773852, 'smag_LRGz3': 0.8681804201793425, 'smag_LRGz4': 1.0484041203130405}
Using template priors = [[0.0, 50.0], [4.07e-06, 1.221e-06], [0.0, 2.0], [0.0, 50.0], [2.25e-06, 6.75e-07], [0.0, 2.0], [0.0, 50.0], [2.05e-06, 6.149999999999999e-07], [0.0, 2.0], [0.0, 50.0], [2.25e-06, 6.75e-07], [0.0, 2.0]]
[42 : minimize] Run 1/1 will start from random initial point:
[42 : minimize] {'b1_LRGz1': 1.1856442622723125, 'b1_LRGz2': 1.276653941986405, 'b1_LRGz3': 1.2948607121210665, 'b1_LRGz4': 1.2989243901519003, 'b2_LRGz1': 1.457863382800874, 'b2_LRGz2': 1.9566320064660974, 'b2_LRGz3': 1.2272173415937553, 'b2_LRGz4': -1.3587008227589392, 'bs_LRGz1': 1.0851554624830948, 'bs_LRGz2': 1.1340725505495717, 'bs_LRGz3': 0.9323349066551898, 'bs_LRGz4': 0.6091284647512589, 'ln1e10As': 3.0549989266117366, 'omega_cdm': 0.12714722626973834, 'smag_LRGz1': 1.0328989056024263, 'smag_LRGz2': 1.0683767315164971, 'smag_LRGz3': 0.9517375564899687, 'smag_LRGz4': 1.059326149493279}
Using template priors = [[0.0, 50.0], [4.07e-06, 1.221e-06], [0.0, 2.0], [0.0, 50.0], [2.25e-06, 6.75e-07], [0.0, 2.0], [0.0, 50.0], [2.05e-06, 6.149999999999999e-07], [0.0, 2.0], [0.0, 50.0], [2.25e-06, 6.75e-07], [0.0, 2.0]]
[10 : minimize] Run 1/1 will start from random initial point:
[10 : minimize] {'b1_LRGz1': 1.28064305342297, 'b1_LRGz2': 1.249442179604805, 'b1_LRGz3': 1.1860005038071852, 'b1_LRGz4': 1.2397133138339838, 'b2_LRGz1': 0.28170055524873505, 'b2_LRGz2': 0.12551650396071737, 'b2_LRGz3': 1.6460762370105895, 'b2_LRGz4': -1.593867961405349, 'bs_LRGz1': -1.0787453123006725, 'bs_LRGz2': 0.34213416533300955, 'bs_LRGz3': 0.034159605510573135, 'bs_LRGz4': -0.10142490739432498, 'ln1e10As': 3.0478137864196584, 'omega_cdm': 0.12177302897223415, 'smag_LRGz1': 1.018302714812508, 'smag_LRGz2': 1.0196754106780288, 'smag_LRGz3': 1.007028775751345, 'smag_LRGz4': 0.9992050507662702}
Using template priors = [[0.0, 50.0], [4.07e-06, 1.221e-06], [0.0, 2.0], [0.0, 50.0], [2.25e-06, 6.75e-07], [0.0, 2.0], [0.0, 50.0], [2.05e-06, 6.149999999999999e-07], [0.0, 2.0], [0.0, 50.0], [2.25e-06, 6.75e-07], [0.0, 2.0]]
[49 : minimize] Run 1/1 will start from random initial point:
[49 : minimize] {'b1_LRGz1': 1.179781468604445, 'b1_LRGz2': 1.2673264047941024, 'b1_LRGz3': 1.2335130430149015, 'b1_LRGz4': 1.2504066024482352, 'b2_LRGz1': 0.14130537844552124, 'b2_LRGz2': -0.002170852777734405, 'b2_LRGz3': 0.4623371807388327, 'b2_LRGz4': 0.3513394859609528, 'bs_LRGz1': -0.033283812597079514, 'bs_LRGz2': 2.236680990254044, 'bs_LRGz3': -1.3993464655401588, 'bs_LRGz4': -0.28232357638215966, 'ln1e10As': 3.102549737326053, 'omega_cdm': 0.12335863119825388, 'smag_LRGz1': 0.8981064520241544, 'smag_LRGz2': 0.9763312519676062, 'smag_LRGz3': 1.064348523963553, 'smag_LRGz4': 0.9591080073984277}
Using template priors = [[0.0, 50.0], [4.07e-06, 1.221e-06], [0.0, 2.0], [0.0, 50.0], [2.25e-06, 6.75e-07], [0.0, 2.0], [0.0, 50.0], [2.05e-06, 6.149999999999999e-07], [0.0, 2.0], [0.0, 50.0], [2.25e-06, 6.75e-07], [0.0, 2.0]]
[50 : minimize] Run 1/1 will start from random initial point:
[50 : minimize] {'b1_LRGz1': 1.262117999563178, 'b1_LRGz2': 1.266309499119841, 'b1_LRGz3': 1.1774090807238233, 'b1_LRGz4': 1.289167522133482, 'b2_LRGz1': -0.6862770527556211, 'b2_LRGz2': 0.7235010247099154, 'b2_LRGz3': -0.09824563079361037, 'b2_LRGz4': 0.17513683274105266, 'bs_LRGz1': -1.5499779437306924, 'bs_LRGz2': -1.4219677536391366, 'bs_LRGz3': -2.9862665667810684, 'bs_LRGz4': -2.4188640630872262, 'ln1e10As': 3.0905639577735577, 'omega_cdm': 0.11703441504949431, 'smag_LRGz1': 1.0026337474115001, 'smag_LRGz2': 1.0430574088510036, 'smag_LRGz3': 0.9091733439037339, 'smag_LRGz4': 1.0530812282477353}
Using template priors = [[0.0, 50.0], [4.07e-06, 1.221e-06], [0.0, 2.0], [0.0, 50.0], [2.25e-06, 6.75e-07], [0.0, 2.0], [0.0, 50.0], [2.05e-06, 6.149999999999999e-07], [0.0, 2.0], [0.0, 50.0], [2.25e-06, 6.75e-07], [0.0, 2.0]]
[53 : minimize] Run 1/1 will start from random initial point:
[53 : minimize] {'b1_LRGz1': 1.249263857708964, 'b1_LRGz2': 1.142703327197193, 'b1_LRGz3': 1.2100395566683997, 'b1_LRGz4': 1.2836209545914845, 'b2_LRGz1': 1.059725494012986, 'b2_LRGz2': 0.6743900767381447, 'b2_LRGz3': -0.45450967399623865, 'b2_LRGz4': 2.075719384594984, 'bs_LRGz1': -2.273858276443329, 'bs_LRGz2': -2.4120122904004946, 'bs_LRGz3': -1.4823445561386668, 'bs_LRGz4': -0.11766490225751314, 'ln1e10As': 3.0604050497117075, 'omega_cdm': 0.1254296774014888, 'smag_LRGz1': 1.0290416804143165, 'smag_LRGz2': 1.0828380444235135, 'smag_LRGz3': 0.8645805792164544, 'smag_LRGz4': 1.0188501400624037}
Using template priors = [[0.0, 50.0], [4.07e-06, 1.221e-06], [0.0, 2.0], [0.0, 50.0], [2.25e-06, 6.75e-07], [0.0, 2.0], [0.0, 50.0], [2.05e-06, 6.149999999999999e-07], [0.0, 2.0], [0.0, 50.0], [2.25e-06, 6.75e-07], [0.0, 2.0]]
[57 : minimize] Run 1/1 will start from random initial point:
[57 : minimize] {'b1_LRGz1': 1.2950141173332108, 'b1_LRGz2': 1.2878315669073093, 'b1_LRGz3': 1.2417385832813603, 'b1_LRGz4': 1.2288683854628606, 'b2_LRGz1': 0.9496599682808435, 'b2_LRGz2': 0.8439222648989435, 'b2_LRGz3': 0.03635963753122975, 'b2_LRGz4': 0.055731280582887795, 'bs_LRGz1': -0.14027862935008695, 'bs_LRGz2': 1.2450430553867227, 'bs_LRGz3': 0.6289643265289647, 'bs_LRGz4': 2.452382666918047, 'ln1e10As': 3.0503043882913925, 'omega_cdm': 0.10748034693162001, 'smag_LRGz1': 0.9534223477767828, 'smag_LRGz2': 1.058500822317247, 'smag_LRGz3': 1.0028432771538438, 'smag_LRGz4': 0.9572581462007239}
Using template priors = [[0.0, 50.0], [4.07e-06, 1.221e-06], [0.0, 2.0], [0.0, 50.0], [2.25e-06, 6.75e-07], [0.0, 2.0], [0.0, 50.0], [2.05e-06, 6.149999999999999e-07], [0.0, 2.0], [0.0, 50.0], [2.25e-06, 6.75e-07], [0.0, 2.0]]
[9 : minimize] Run 1/1 will start from random initial point:
[9 : minimize] {'b1_LRGz1': 1.2674838757971238, 'b1_LRGz2': 1.2476127099996779, 'b1_LRGz3': 1.2203303844312063, 'b1_LRGz4': 1.2558171976424974, 'b2_LRGz1': -1.548443801817088, 'b2_LRGz2': -0.12163535738566356, 'b2_LRGz3': 0.5686503166788061, 'b2_LRGz4': -0.7453489246898009, 'bs_LRGz1': -2.013473072699823, 'bs_LRGz2': 0.06012033957116086, 'bs_LRGz3': 0.49711814573720975, 'bs_LRGz4': -0.38433168315863225, 'ln1e10As': 3.053956611073156, 'omega_cdm': 0.1329549190656436, 'smag_LRGz1': 0.9282807813152775, 'smag_LRGz2': 1.0470185135332082, 'smag_LRGz3': 1.023761772869929, 'smag_LRGz4': 0.8507819906543224}
Using template priors = [[0.0, 50.0], [4.07e-06, 1.221e-06], [0.0, 2.0], [0.0, 50.0], [2.25e-06, 6.75e-07], [0.0, 2.0], [0.0, 50.0], [2.05e-06, 6.149999999999999e-07], [0.0, 2.0], [0.0, 50.0], [2.25e-06, 6.75e-07], [0.0, 2.0]]
[2 : minimize] Run 1/1 will start from random initial point:
[2 : minimize] {'b1_LRGz1': 1.2907582742123103, 'b1_LRGz2': 1.2755637951882708, 'b1_LRGz3': 1.20567269484496, 'b1_LRGz4': 1.282452643099617, 'b2_LRGz1': 1.8669140738163954, 'b2_LRGz2': -1.861132289856046, 'b2_LRGz3': 0.32984830263709125, 'b2_LRGz4': 1.738287962190017, 'bs_LRGz1': 0.5001513899872466, 'bs_LRGz2': -1.0490217410809843, 'bs_LRGz3': -0.9865506429728768, 'bs_LRGz4': 0.23878646860036443, 'ln1e10As': 3.072573548967712, 'omega_cdm': 0.12604315749456219, 'smag_LRGz1': 0.9125371827383991, 'smag_LRGz2': 1.1515962306594658, 'smag_LRGz3': 0.9507818274511675, 'smag_LRGz4': 0.9003817780664396}
[0 : minimize] Starting run 1/1
[2 : minimize] Starting run 1/1
[4 : minimize] Starting run 1/1
[8 : minimize] Starting run 1/1
[9 : minimize] Starting run 1/1
[11 : minimize] Starting run 1/1
[14 : minimize] Starting run 1/1
[15 : minimize] Starting run 1/1
[19 : minimize] Starting run 1/1
[23 : minimize] Starting run 1/1
[28 : minimize] Starting run 1/1
[30 : minimize] Starting run 1/1
[31 : minimize] Starting run 1/1
[35 : minimize] Starting run 1/1
[46 : minimize] Starting run 1/1
[48 : minimize] Starting run 1/1
[52 : minimize] Starting run 1/1
[53 : minimize] Starting run 1/1
[54 : minimize] Starting run 1/1
[55 : minimize] Starting run 1/1
[57 : minimize] Starting run 1/1
[59 : minimize] Starting run 1/1
[60 : minimize] Starting run 1/1
[62 : minimize] Starting run 1/1
[1 : minimize] Starting run 1/1
[3 : minimize] Starting run 1/1
[6 : minimize] Starting run 1/1
[7 : minimize] Starting run 1/1
[10 : minimize] Starting run 1/1
[12 : minimize] Starting run 1/1
[13 : minimize] Starting run 1/1
[16 : minimize] Starting run 1/1
[17 : minimize] Starting run 1/1
[18 : minimize] Starting run 1/1
[20 : minimize] Starting run 1/1
[21 : minimize] Starting run 1/1
[22 : minimize] Starting run 1/1
[24 : minimize] Starting run 1/1
[25 : minimize] Starting run 1/1
[26 : minimize] Starting run 1/1
[27 : minimize] Starting run 1/1
[32 : minimize] Starting run 1/1
[33 : minimize] Starting run 1/1
[34 : minimize] Starting run 1/1
[36 : minimize] Starting run 1/1
[37 : minimize] Starting run 1/1
[38 : minimize] Starting run 1/1
[39 : minimize] Starting run 1/1
[40 : minimize] Starting run 1/1
[41 : minimize] Starting run 1/1
[42 : minimize] Starting run 1/1
[43 : minimize] Starting run 1/1
[44 : minimize] Starting run 1/1
[45 : minimize] Starting run 1/1
[47 : minimize] Starting run 1/1
[49 : minimize] Starting run 1/1
[50 : minimize] Starting run 1/1
[51 : minimize] Starting run 1/1
[56 : minimize] Starting run 1/1
[58 : minimize] Starting run 1/1
[61 : minimize] Starting run 1/1
[63 : minimize] Starting run 1/1
[5 : minimize] Starting run 1/1
[29 : minimize] Starting run 1/1
[58 : minimize] Run 1/1 converged.
[24 : minimize] Run 1/1 converged.
[12 : minimize] Run 1/1 converged.
[28 : minimize] Run 1/1 converged.
[22 : minimize] Run 1/1 converged.
[56 : minimize] Run 1/1 converged.
[53 : minimize] Run 1/1 converged.
[9 : minimize] Run 1/1 converged.
[14 : minimize] Run 1/1 converged.
[33 : minimize] Run 1/1 converged.
[48 : minimize] Run 1/1 converged.
[29 : minimize] Run 1/1 converged.
[7 : minimize] Run 1/1 converged.
[10 : minimize] Run 1/1 converged.
[59 : minimize] Run 1/1 converged.
[11 : minimize] Run 1/1 converged.
[47 : minimize] Run 1/1 converged.
[31 : minimize] Run 1/1 converged.
[37 : minimize] Run 1/1 converged.
[5 : minimize] Run 1/1 converged.
[0 : minimize] Run 1/1 converged.
[19 : minimize] Run 1/1 converged.
[1 : minimize] Run 1/1 converged.
[23 : minimize] Run 1/1 converged.
[13 : minimize] Run 1/1 converged.
[17 : minimize] Run 1/1 converged.
[60 : minimize] Run 1/1 converged.
[45 : minimize] Run 1/1 converged.
[8 : minimize] Run 1/1 converged.
[40 : minimize] Run 1/1 converged.
[16 : minimize] Run 1/1 converged.
[52 : minimize] Run 1/1 converged.
[4 : minimize] Run 1/1 converged.
[38 : minimize] Run 1/1 converged.
[49 : minimize] Run 1/1 converged.
[43 : minimize] Run 1/1 converged.
[50 : minimize] Run 1/1 converged.
[36 : minimize] Run 1/1 converged.
[27 : minimize] Run 1/1 converged.
[32 : minimize] Run 1/1 converged.
[25 : minimize] Run 1/1 converged.
[34 : minimize] Run 1/1 converged.
[42 : minimize] Run 1/1 converged.
[35 : minimize] Run 1/1 converged.
[54 : minimize] Run 1/1 converged.
[15 : minimize] Run 1/1 converged.
[55 : minimize] Run 1/1 converged.
[2 : minimize] Run 1/1 converged.
[57 : minimize] Run 1/1 converged.
[26 : minimize] Run 1/1 converged.
[61 : minimize] Run 1/1 converged.
[63 : minimize] Run 1/1 converged.
[20 : minimize] Run 1/1 converged.
[62 : minimize] Run 1/1 converged.
[30 : minimize] Run 1/1 converged.
[39 : minimize] Run 1/1 converged.
[18 : minimize] Run 1/1 converged.
[44 : minimize] Run 1/1 converged.
[21 : minimize] Run 1/1 converged.
[3 : minimize] Run 1/1 converged.
[51 : minimize] Run 1/1 converged.
[46 : minimize] Run 1/1 converged.
[6 : minimize] Run 1/1 converged.
[41 : minimize] Run 1/1 converged.
[0 : minimize] Finished successfully!
[0 : minimize] *WARNING* Big spread in minima: [27.61845019121554, 27.965149728465235, 27.775182989084396, 27.81201033995061, 27.63214320931311, 27.88964270421516, 28.21838499732822, 27.71410727489321, 27.6735011648799, 29.42103275821289, 27.63339968060795, 27.760328827548825, 27.69740132905642, 27.672804585951194, 28.034510399599217, 28.195290451729132, 27.707683114042876, 27.736323800805195, 27.672145115912656, 27.855332324756496, 27.805294910748714, 27.879109626571747, 27.6845652342043, 27.697693542589974, 27.691445877579582, 28.141020293716338, 28.30042889205638, 28.279833531012308, 27.971434787590933, 27.91580731587718, 27.659604600072953, 28.050680486698614, 27.679528090269034, 27.646469206576803, 28.0303583928684, 27.95028333464025, 27.613741330798668, 27.63129156473804, 27.89578512272451, 27.841662581778827, 27.691685161266236, 27.659264153458512, 28.024681867321192, 27.913105628420197, 28.737974211535914, 27.634492655451282, 27.624104251036353, 27.80328472801513, 27.824775044637235, 27.816736452250332, 27.835358878528087, 27.94881526036943, 27.658246317390976, 28.06669436245682, 27.82680749566414, 27.855420284127174, 28.018583087227757, 27.674245163045413, 27.698829529657804, 28.080303036152156, 28.325437237008725, 27.63052482993814, 28.125933874795187, 27.770014920371057]
[0 : minimize] -log(posterior) minimized to 27.6137
Training new emulator...
finished training!
[0 : minimize] Parameter values at minimum:
   weight  minuslogpost  b1_LRGz1  b1_LRGz2  b1_LRGz3  b1_LRGz4  b2_LRGz1  b2_LRGz2  b2_LRGz3  b2_LRGz4  bs_LRGz1  bs_LRGz2  bs_LRGz3  bs_LRGz4  ln1e10As  omega_cdm  smag_LRGz1  smag_LRGz2  smag_LRGz3  smag_LRGz4         H0       OmM        S8     S8x    sigma8  minuslogprior  minuslogprior__0       chi2  chi2__cobaya_friendly_v3.XcorrLike
0     1.0     27.613741  0.857624  1.066116   1.25792  1.348087  0.680774  0.739599  0.827753  0.219617  0.827502  0.019679 -0.011799  0.000105  3.001367   0.115327    0.961781    1.026789    0.970662    1.000633  69.637348  0.285256  0.759861  0.7637  0.779251      10.284588         10.284588  34.658307                           34.658307
[0 : minimize] Full set of minima:
{'0': (27.61845019121554, True), '1': (27.965149728465235, True), '2': (27.775182989084396, True), '3': (27.81201033995061, True), '4': (27.63214320931311, True), '5': (27.88964270421516, True), '6': (28.21838499732822, True), '7': (27.71410727489321, True), '8': (27.6735011648799, True), '9': (29.42103275821289, True), '10': (27.63339968060795, True), '11': (27.760328827548825, True), '12': (27.69740132905642, True), '13': (27.672804585951194, True), '14': (28.034510399599217, True), '15': (28.195290451729132, True), '16': (27.707683114042876, True), '17': (27.736323800805195, True), '18': (27.672145115912656, True), '19': (27.855332324756496, True), '20': (27.805294910748714, True), '21': (27.879109626571747, True), '22': (27.6845652342043, True), '23': (27.697693542589974, True), '24': (27.691445877579582, True), '25': (28.141020293716338, True), '26': (28.30042889205638, True), '27': (28.279833531012308, True), '28': (27.971434787590933, True), '29': (27.91580731587718, True), '30': (27.659604600072953, True), '31': (28.050680486698614, True), '32': (27.679528090269034, True), '33': (27.646469206576803, True), '34': (28.0303583928684, True), '35': (27.95028333464025, True), '36': (27.613741330798668, True), '37': (27.63129156473804, True), '38': (27.89578512272451, True), '39': (27.841662581778827, True), '40': (27.691685161266236, True), '41': (27.659264153458512, True), '42': (28.024681867321192, True), '43': (27.913105628420197, True), '44': (28.737974211535914, True), '45': (27.634492655451282, True), '46': (27.624104251036353, True), '47': (27.80328472801513, True), '48': (27.824775044637235, True), '49': (27.816736452250332, True), '50': (27.835358878528087, True), '51': (27.94881526036943, True), '52': (27.658246317390976, True), '53': (28.06669436245682, True), '54': (27.82680749566414, True), '55': (27.855420284127174, True), '56': (28.018583087227757, True), '57': (27.674245163045413, True), '58': (27.698829529657804, True), '59': (28.080303036152156, True), '60': (28.325437237008725, True), '61': (27.63052482993814, True), '62': (28.125933874795187, True), '63': (27.770014920371057, True)}
[0 : cobaya_friendly_v3.xcorrlike] Average evaluation time for cobaya_friendly_v3.XcorrLike: 1.15303 s  (483 evaluations)
[1 : cobaya_friendly_v3.xcorrlike] Average evaluation time for cobaya_friendly_v3.XcorrLike: 1.13201 s  (495 evaluations)
[4 : cobaya_friendly_v3.xcorrlike] Average evaluation time for cobaya_friendly_v3.XcorrLike: 1.1327 s  (542 evaluations)
[18 : cobaya_friendly_v3.xcorrlike] Average evaluation time for cobaya_friendly_v3.XcorrLike: 1.11815 s  (731 evaluations)
[25 : cobaya_friendly_v3.xcorrlike] Average evaluation time for cobaya_friendly_v3.XcorrLike: 1.12171 s  (579 evaluations)
[42 : cobaya_friendly_v3.xcorrlike] Average evaluation time for cobaya_friendly_v3.XcorrLike: 1.13597 s  (586 evaluations)
[44 : cobaya_friendly_v3.xcorrlike] Average evaluation time for cobaya_friendly_v3.XcorrLike: 1.11941 s  (745 evaluations)
[50 : cobaya_friendly_v3.xcorrlike] Average evaluation time for cobaya_friendly_v3.XcorrLike: 1.14054 s  (553 evaluations)
[60 : cobaya_friendly_v3.xcorrlike] Average evaluation time for cobaya_friendly_v3.XcorrLike: 1.12866 s  (525 evaluations)
[2 : cobaya_friendly_v3.xcorrlike] Average evaluation time for cobaya_friendly_v3.XcorrLike: 1.16344 s  (590 evaluations)
[3 : cobaya_friendly_v3.xcorrlike] Average evaluation time for cobaya_friendly_v3.XcorrLike: 1.12672 s  (782 evaluations)
[5 : cobaya_friendly_v3.xcorrlike] Average evaluation time for cobaya_friendly_v3.XcorrLike: 1.13719 s  (486 evaluations)
[6 : cobaya_friendly_v3.xcorrlike] Average evaluation time for cobaya_friendly_v3.XcorrLike: 1.16053 s  (830 evaluations)
[7 : cobaya_friendly_v3.xcorrlike] Average evaluation time for cobaya_friendly_v3.XcorrLike: 1.12616 s  (469 evaluations)
[8 : cobaya_friendly_v3.xcorrlike] Average evaluation time for cobaya_friendly_v3.XcorrLike: 1.13075 s  (533 evaluations)
[9 : cobaya_friendly_v3.xcorrlike] Average evaluation time for cobaya_friendly_v3.XcorrLike: 1.19282 s  (419 evaluations)
[10 : cobaya_friendly_v3.xcorrlike] Average evaluation time for cobaya_friendly_v3.XcorrLike: 1.14532 s  (461 evaluations)
[11 : cobaya_friendly_v3.xcorrlike] Average evaluation time for cobaya_friendly_v3.XcorrLike: 1.14867 s  (468 evaluations)
[12 : cobaya_friendly_v3.xcorrlike] Average evaluation time for cobaya_friendly_v3.XcorrLike: 1.14498 s  (363 evaluations)
[13 : cobaya_friendly_v3.xcorrlike] Average evaluation time for cobaya_friendly_v3.XcorrLike: 1.13531 s  (507 evaluations)
[14 : cobaya_friendly_v3.xcorrlike] Average evaluation time for cobaya_friendly_v3.XcorrLike: 1.13041 s  (446 evaluations)
[15 : cobaya_friendly_v3.xcorrlike] Average evaluation time for cobaya_friendly_v3.XcorrLike: 1.12426 s  (603 evaluations)
[16 : cobaya_friendly_v3.xcorrlike] Average evaluation time for cobaya_friendly_v3.XcorrLike: 1.12441 s  (540 evaluations)
[17 : cobaya_friendly_v3.xcorrlike] Average evaluation time for cobaya_friendly_v3.XcorrLike: 1.12815 s  (518 evaluations)
[19 : cobaya_friendly_v3.xcorrlike] Average evaluation time for cobaya_friendly_v3.XcorrLike: 1.14469 s  (487 evaluations)
[20 : cobaya_friendly_v3.xcorrlike] Average evaluation time for cobaya_friendly_v3.XcorrLike: 1.12316 s  (649 evaluations)
[21 : cobaya_friendly_v3.xcorrlike] Average evaluation time for cobaya_friendly_v3.XcorrLike: 1.11434 s  (785 evaluations)
[22 : cobaya_friendly_v3.xcorrlike] Average evaluation time for cobaya_friendly_v3.XcorrLike: 1.13148 s  (404 evaluations)
[23 : cobaya_friendly_v3.xcorrlike] Average evaluation time for cobaya_friendly_v3.XcorrLike: 1.12854 s  (498 evaluations)
[24 : cobaya_friendly_v3.xcorrlike] Average evaluation time for cobaya_friendly_v3.XcorrLike: 1.13878 s  (355 evaluations)
[26 : cobaya_friendly_v3.xcorrlike] Average evaluation time for cobaya_friendly_v3.XcorrLike: 1.12822 s  (634 evaluations)
[27 : cobaya_friendly_v3.xcorrlike] Average evaluation time for cobaya_friendly_v3.XcorrLike: 1.13701 s  (567 evaluations)
[28 : cobaya_friendly_v3.xcorrlike] Average evaluation time for cobaya_friendly_v3.XcorrLike: 1.13776 s  (400 evaluations)
[29 : cobaya_friendly_v3.xcorrlike] Average evaluation time for cobaya_friendly_v3.XcorrLike: 1.13798 s  (461 evaluations)
[30 : cobaya_friendly_v3.xcorrlike] Average evaluation time for cobaya_friendly_v3.XcorrLike: 1.12347 s  (704 evaluations)
[31 : cobaya_friendly_v3.xcorrlike] Average evaluation time for cobaya_friendly_v3.XcorrLike: 1.12942 s  (480 evaluations)
[32 : cobaya_friendly_v3.xcorrlike] Average evaluation time for cobaya_friendly_v3.XcorrLike: 1.12377 s  (579 evaluations)
[33 : cobaya_friendly_v3.xcorrlike] Average evaluation time for cobaya_friendly_v3.XcorrLike: 1.13255 s  (446 evaluations)
[34 : cobaya_friendly_v3.xcorrlike] Average evaluation time for cobaya_friendly_v3.XcorrLike: 1.14265 s  (571 evaluations)
[35 : cobaya_friendly_v3.xcorrlike] Average evaluation time for cobaya_friendly_v3.XcorrLike: 1.1991 s  (558 evaluations)
[36 : cobaya_friendly_v3.xcorrlike] Average evaluation time for cobaya_friendly_v3.XcorrLike: 1.13202 s  (565 evaluations)
[37 : cobaya_friendly_v3.xcorrlike] Average evaluation time for cobaya_friendly_v3.XcorrLike: 1.13578 s  (486 evaluations)
[38 : cobaya_friendly_v3.xcorrlike] Average evaluation time for cobaya_friendly_v3.XcorrLike: 1.12833 s  (545 evaluations)
[39 : cobaya_friendly_v3.xcorrlike] Average evaluation time for cobaya_friendly_v3.XcorrLike: 1.11999 s  (711 evaluations)
[40 : cobaya_friendly_v3.xcorrlike] Average evaluation time for cobaya_friendly_v3.XcorrLike: 1.13254 s  (531 evaluations)
[41 : cobaya_friendly_v3.xcorrlike] Average evaluation time for cobaya_friendly_v3.XcorrLike: 1.11849 s  (865 evaluations)
[43 : cobaya_friendly_v3.xcorrlike] Average evaluation time for cobaya_friendly_v3.XcorrLike: 1.13992 s  (548 evaluations)
[45 : cobaya_friendly_v3.xcorrlike] Average evaluation time for cobaya_friendly_v3.XcorrLike: 1.13229 s  (527 evaluations)
[46 : cobaya_friendly_v3.xcorrlike] Average evaluation time for cobaya_friendly_v3.XcorrLike: 1.11302 s  (831 evaluations)
[47 : cobaya_friendly_v3.xcorrlike] Average evaluation time for cobaya_friendly_v3.XcorrLike: 1.13218 s  (477 evaluations)
[48 : cobaya_friendly_v3.xcorrlike] Average evaluation time for cobaya_friendly_v3.XcorrLike: 1.12938 s  (459 evaluations)
[49 : cobaya_friendly_v3.xcorrlike] Average evaluation time for cobaya_friendly_v3.XcorrLike: 1.14349 s  (544 evaluations)
[51 : cobaya_friendly_v3.xcorrlike] Average evaluation time for cobaya_friendly_v3.XcorrLike: 1.12418 s  (814 evaluations)
[52 : cobaya_friendly_v3.xcorrlike] Average evaluation time for cobaya_friendly_v3.XcorrLike: 1.12943 s  (540 evaluations)
[53 : cobaya_friendly_v3.xcorrlike] Average evaluation time for cobaya_friendly_v3.XcorrLike: 1.1402 s  (418 evaluations)
[54 : cobaya_friendly_v3.xcorrlike] Average evaluation time for cobaya_friendly_v3.XcorrLike: 1.12541 s  (600 evaluations)
[55 : cobaya_friendly_v3.xcorrlike] Average evaluation time for cobaya_friendly_v3.XcorrLike: 1.12235 s  (604 evaluations)
[56 : cobaya_friendly_v3.xcorrlike] Average evaluation time for cobaya_friendly_v3.XcorrLike: 1.14127 s  (408 evaluations)
[57 : cobaya_friendly_v3.xcorrlike] Average evaluation time for cobaya_friendly_v3.XcorrLike: 1.15834 s  (601 evaluations)
[58 : cobaya_friendly_v3.xcorrlike] Average evaluation time for cobaya_friendly_v3.XcorrLike: 1.1501 s  (322 evaluations)
[59 : cobaya_friendly_v3.xcorrlike] Average evaluation time for cobaya_friendly_v3.XcorrLike: 1.1461 s  (464 evaluations)
[61 : cobaya_friendly_v3.xcorrlike] Average evaluation time for cobaya_friendly_v3.XcorrLike: 1.12915 s  (641 evaluations)
[62 : cobaya_friendly_v3.xcorrlike] Average evaluation time for cobaya_friendly_v3.XcorrLike: 1.12384 s  (664 evaluations)
[63 : cobaya_friendly_v3.xcorrlike] Average evaluation time for cobaya_friendly_v3.XcorrLike: 1.12664 s  (644 evaluations)
